{"C:\\Users\\billz\\WebstormProjects\\project_team267\\src\\rest\\Server.js":{"path":"C:\\Users\\billz\\WebstormProjects\\project_team267\\src\\rest\\Server.js","statementMap":{"0":{"start":{"line":2,"column":0},"end":{"line":2,"column":62}},"1":{"start":{"line":3,"column":11},"end":{"line":3,"column":24}},"2":{"start":{"line":4,"column":16},"end":{"line":4,"column":34}},"3":{"start":{"line":5,"column":15},"end":{"line":5,"column":33}},"4":{"start":{"line":6,"column":24},"end":{"line":6,"column":62}},"5":{"start":{"line":7,"column":25},"end":{"line":7,"column":64}},"6":{"start":{"line":10,"column":8},"end":{"line":10,"column":50}},"7":{"start":{"line":11,"column":8},"end":{"line":11,"column":62}},"8":{"start":{"line":12,"column":8},"end":{"line":12,"column":25}},"9":{"start":{"line":15,"column":8},"end":{"line":15,"column":47}},"10":{"start":{"line":16,"column":21},"end":{"line":16,"column":25}},"11":{"start":{"line":17,"column":8},"end":{"line":21,"column":11}},"12":{"start":{"line":18,"column":12},"end":{"line":20,"column":15}},"13":{"start":{"line":19,"column":16},"end":{"line":19,"column":30}},"14":{"start":{"line":24,"column":21},"end":{"line":24,"column":25}},"15":{"start":{"line":25,"column":8},"end":{"line":25,"column":55}},"16":{"start":{"line":26,"column":8},"end":{"line":64,"column":11}},"17":{"start":{"line":27,"column":12},"end":{"line":63,"column":13}},"18":{"start":{"line":28,"column":16},"end":{"line":30,"column":19}},"19":{"start":{"line":31,"column":16},"end":{"line":31,"column":87}},"20":{"start":{"line":32,"column":16},"end":{"line":36,"column":19}},"21":{"start":{"line":33,"column":20},"end":{"line":33,"column":67}},"22":{"start":{"line":34,"column":20},"end":{"line":34,"column":83}},"23":{"start":{"line":35,"column":20},"end":{"line":35,"column":34}},"24":{"start":{"line":37,"column":16},"end":{"line":37,"column":57}},"25":{"start":{"line":38,"column":16},"end":{"line":40,"column":19}},"26":{"start":{"line":39,"column":20},"end":{"line":39,"column":45}},"27":{"start":{"line":41,"column":16},"end":{"line":43,"column":19}},"28":{"start":{"line":42,"column":20},"end":{"line":42,"column":48}},"29":{"start":{"line":44,"column":16},"end":{"line":46,"column":19}},"30":{"start":{"line":45,"column":20},"end":{"line":45,"column":53}},"31":{"start":{"line":47,"column":16},"end":{"line":49,"column":19}},"32":{"start":{"line":48,"column":20},"end":{"line":48,"column":55}},"33":{"start":{"line":50,"column":16},"end":{"line":50,"column":53}},"34":{"start":{"line":51,"column":16},"end":{"line":54,"column":19}},"35":{"start":{"line":52,"column":20},"end":{"line":52,"column":97}},"36":{"start":{"line":53,"column":20},"end":{"line":53,"column":34}},"37":{"start":{"line":55,"column":16},"end":{"line":58,"column":19}},"38":{"start":{"line":56,"column":20},"end":{"line":56,"column":83}},"39":{"start":{"line":57,"column":20},"end":{"line":57,"column":32}},"40":{"start":{"line":61,"column":16},"end":{"line":61,"column":72}},"41":{"start":{"line":62,"column":16},"end":{"line":62,"column":28}},"42":{"start":{"line":67,"column":8},"end":{"line":67,"column":92}},"43":{"start":{"line":68,"column":8},"end":{"line":68,"column":96}},"44":{"start":{"line":69,"column":8},"end":{"line":86,"column":9}},"45":{"start":{"line":70,"column":12},"end":{"line":72,"column":13}},"46":{"start":{"line":71,"column":16},"end":{"line":71,"column":81}},"47":{"start":{"line":73,"column":30},"end":{"line":73,"column":70}},"48":{"start":{"line":74,"column":12},"end":{"line":81,"column":15}},"49":{"start":{"line":75,"column":16},"end":{"line":75,"column":44}},"50":{"start":{"line":76,"column":16},"end":{"line":76,"column":73}},"51":{"start":{"line":77,"column":16},"end":{"line":77,"column":49}},"52":{"start":{"line":79,"column":16},"end":{"line":79,"column":87}},"53":{"start":{"line":80,"column":16},"end":{"line":80,"column":54}},"54":{"start":{"line":84,"column":12},"end":{"line":84,"column":73}},"55":{"start":{"line":85,"column":12},"end":{"line":85,"column":40}},"56":{"start":{"line":87,"column":8},"end":{"line":87,"column":22}},"57":{"start":{"line":90,"column":8},"end":{"line":90,"column":95}},"58":{"start":{"line":91,"column":8},"end":{"line":105,"column":11}},"59":{"start":{"line":92,"column":12},"end":{"line":92,"column":43}},"60":{"start":{"line":93,"column":12},"end":{"line":93,"column":72}},"61":{"start":{"line":94,"column":12},"end":{"line":94,"column":48}},"62":{"start":{"line":96,"column":12},"end":{"line":96,"column":38}},"63":{"start":{"line":97,"column":12},"end":{"line":104,"column":13}},"64":{"start":{"line":98,"column":16},"end":{"line":98,"column":90}},"65":{"start":{"line":99,"column":16},"end":{"line":99,"column":54}},"66":{"start":{"line":102,"column":16},"end":{"line":102,"column":90}},"67":{"start":{"line":103,"column":16},"end":{"line":103,"column":54}},"68":{"start":{"line":106,"column":8},"end":{"line":106,"column":22}},"69":{"start":{"line":109,"column":8},"end":{"line":116,"column":11}},"70":{"start":{"line":110,"column":12},"end":{"line":110,"column":40}},"71":{"start":{"line":111,"column":12},"end":{"line":111,"column":77}},"72":{"start":{"line":112,"column":12},"end":{"line":112,"column":45}},"73":{"start":{"line":114,"column":12},"end":{"line":114,"column":91}},"74":{"start":{"line":115,"column":12},"end":{"line":115,"column":50}},"75":{"start":{"line":117,"column":8},"end":{"line":117,"column":22}},"76":{"start":{"line":120,"column":8},"end":{"line":124,"column":11}},"77":{"start":{"line":121,"column":12},"end":{"line":121,"column":50}},"78":{"start":{"line":122,"column":12},"end":{"line":122,"column":79}},"79":{"start":{"line":123,"column":12},"end":{"line":123,"column":55}},"80":{"start":{"line":125,"column":8},"end":{"line":125,"column":22}},"81":{"start":{"line":128,"column":26},"end":{"line":128,"column":44}},"82":{"start":{"line":129,"column":8},"end":{"line":129,"column":67}},"83":{"start":{"line":130,"column":19},"end":{"line":130,"column":43}},"84":{"start":{"line":131,"column":8},"end":{"line":133,"column":9}},"85":{"start":{"line":132,"column":12},"end":{"line":132,"column":56}},"86":{"start":{"line":134,"column":8},"end":{"line":143,"column":11}},"87":{"start":{"line":135,"column":12},"end":{"line":139,"column":13}},"88":{"start":{"line":136,"column":16},"end":{"line":136,"column":30}},"89":{"start":{"line":137,"column":16},"end":{"line":137,"column":58}},"90":{"start":{"line":138,"column":16},"end":{"line":138,"column":30}},"91":{"start":{"line":140,"column":12},"end":{"line":140,"column":28}},"92":{"start":{"line":141,"column":12},"end":{"line":141,"column":22}},"93":{"start":{"line":142,"column":12},"end":{"line":142,"column":26}},"94":{"start":{"line":146,"column":8},"end":{"line":146,"column":89}},"95":{"start":{"line":147,"column":8},"end":{"line":155,"column":9}},"96":{"start":{"line":148,"column":29},"end":{"line":148,"column":63}},"97":{"start":{"line":149,"column":12},"end":{"line":149,"column":72}},"98":{"start":{"line":150,"column":12},"end":{"line":150,"column":48}},"99":{"start":{"line":153,"column":12},"end":{"line":153,"column":70}},"100":{"start":{"line":154,"column":12},"end":{"line":154,"column":42}},"101":{"start":{"line":156,"column":8},"end":{"line":156,"column":22}},"102":{"start":{"line":159,"column":8},"end":{"line":164,"column":9}},"103":{"start":{"line":160,"column":12},"end":{"line":160,"column":37}},"104":{"start":{"line":163,"column":12},"end":{"line":163,"column":42}},"105":{"start":{"line":167,"column":0},"end":{"line":167,"column":25}}},"fnMap":{"0":{"name":"(anonymous_0)","decl":{"start":{"line":9,"column":4},"end":{"line":9,"column":5}},"loc":{"start":{"line":9,"column":22},"end":{"line":13,"column":5}},"line":9},"1":{"name":"(anonymous_1)","decl":{"start":{"line":14,"column":4},"end":{"line":14,"column":5}},"loc":{"start":{"line":14,"column":11},"end":{"line":22,"column":5}},"line":14},"2":{"name":"(anonymous_2)","decl":{"start":{"line":17,"column":27},"end":{"line":17,"column":28}},"loc":{"start":{"line":17,"column":46},"end":{"line":21,"column":9}},"line":17},"3":{"name":"(anonymous_3)","decl":{"start":{"line":18,"column":28},"end":{"line":18,"column":29}},"loc":{"start":{"line":18,"column":40},"end":{"line":20,"column":13}},"line":18},"4":{"name":"(anonymous_4)","decl":{"start":{"line":23,"column":4},"end":{"line":23,"column":5}},"loc":{"start":{"line":23,"column":12},"end":{"line":65,"column":5}},"line":23},"5":{"name":"(anonymous_5)","decl":{"start":{"line":26,"column":27},"end":{"line":26,"column":28}},"loc":{"start":{"line":26,"column":54},"end":{"line":64,"column":9}},"line":26},"6":{"name":"crossOrigin","decl":{"start":{"line":32,"column":39},"end":{"line":32,"column":50}},"loc":{"start":{"line":32,"column":67},"end":{"line":36,"column":17}},"line":32},"7":{"name":"(anonymous_7)","decl":{"start":{"line":38,"column":52},"end":{"line":38,"column":53}},"loc":{"start":{"line":38,"column":72},"end":{"line":40,"column":17}},"line":38},"8":{"name":"(anonymous_8)","decl":{"start":{"line":41,"column":46},"end":{"line":41,"column":47}},"loc":{"start":{"line":41,"column":66},"end":{"line":43,"column":17}},"line":41},"9":{"name":"(anonymous_9)","decl":{"start":{"line":44,"column":41},"end":{"line":44,"column":42}},"loc":{"start":{"line":44,"column":61},"end":{"line":46,"column":17}},"line":44},"10":{"name":"(anonymous_10)","decl":{"start":{"line":47,"column":43},"end":{"line":47,"column":44}},"loc":{"start":{"line":47,"column":63},"end":{"line":49,"column":17}},"line":47},"11":{"name":"(anonymous_11)","decl":{"start":{"line":51,"column":44},"end":{"line":51,"column":45}},"loc":{"start":{"line":51,"column":56},"end":{"line":54,"column":17}},"line":51},"12":{"name":"(anonymous_12)","decl":{"start":{"line":55,"column":38},"end":{"line":55,"column":39}},"loc":{"start":{"line":55,"column":53},"end":{"line":58,"column":17}},"line":55},"13":{"name":"(anonymous_13)","decl":{"start":{"line":66,"column":4},"end":{"line":66,"column":5}},"loc":{"start":{"line":66,"column":24},"end":{"line":88,"column":5}},"line":66},"14":{"name":"(anonymous_14)","decl":{"start":{"line":74,"column":83},"end":{"line":74,"column":84}},"loc":{"start":{"line":74,"column":94},"end":{"line":78,"column":13}},"line":74},"15":{"name":"(anonymous_15)","decl":{"start":{"line":78,"column":21},"end":{"line":78,"column":22}},"loc":{"start":{"line":78,"column":30},"end":{"line":81,"column":13}},"line":78},"16":{"name":"(anonymous_16)","decl":{"start":{"line":89,"column":4},"end":{"line":89,"column":5}},"loc":{"start":{"line":89,"column":27},"end":{"line":107,"column":5}},"line":89},"17":{"name":"(anonymous_17)","decl":{"start":{"line":91,"column":52},"end":{"line":91,"column":53}},"loc":{"start":{"line":91,"column":66},"end":{"line":95,"column":9}},"line":91},"18":{"name":"(anonymous_18)","decl":{"start":{"line":95,"column":17},"end":{"line":95,"column":18}},"loc":{"start":{"line":95,"column":26},"end":{"line":105,"column":9}},"line":95},"19":{"name":"(anonymous_19)","decl":{"start":{"line":108,"column":4},"end":{"line":108,"column":5}},"loc":{"start":{"line":108,"column":32},"end":{"line":118,"column":5}},"line":108},"20":{"name":"(anonymous_20)","decl":{"start":{"line":109,"column":46},"end":{"line":109,"column":47}},"loc":{"start":{"line":109,"column":57},"end":{"line":113,"column":9}},"line":109},"21":{"name":"(anonymous_21)","decl":{"start":{"line":113,"column":17},"end":{"line":113,"column":18}},"loc":{"start":{"line":113,"column":26},"end":{"line":116,"column":9}},"line":113},"22":{"name":"(anonymous_22)","decl":{"start":{"line":119,"column":4},"end":{"line":119,"column":5}},"loc":{"start":{"line":119,"column":34},"end":{"line":126,"column":5}},"line":119},"23":{"name":"(anonymous_23)","decl":{"start":{"line":120,"column":38},"end":{"line":120,"column":39}},"loc":{"start":{"line":120,"column":59},"end":{"line":124,"column":9}},"line":120},"24":{"name":"(anonymous_24)","decl":{"start":{"line":127,"column":4},"end":{"line":127,"column":5}},"loc":{"start":{"line":127,"column":30},"end":{"line":144,"column":5}},"line":127},"25":{"name":"(anonymous_25)","decl":{"start":{"line":134,"column":26},"end":{"line":134,"column":27}},"loc":{"start":{"line":134,"column":47},"end":{"line":143,"column":9}},"line":134},"26":{"name":"(anonymous_26)","decl":{"start":{"line":145,"column":4},"end":{"line":145,"column":5}},"loc":{"start":{"line":145,"column":32},"end":{"line":157,"column":5}},"line":145},"27":{"name":"(anonymous_27)","decl":{"start":{"line":158,"column":4},"end":{"line":158,"column":5}},"loc":{"start":{"line":158,"column":28},"end":{"line":165,"column":5}},"line":158}},"branchMap":{"0":{"loc":{"start":{"line":70,"column":12},"end":{"line":72,"column":13}},"type":"if","locations":[{"start":{"line":70,"column":12},"end":{"line":72,"column":13}},{"start":{"line":70,"column":12},"end":{"line":72,"column":13}}],"line":70},"1":{"loc":{"start":{"line":70,"column":16},"end":{"line":70,"column":148}},"type":"binary-expr","locations":[{"start":{"line":70,"column":17},"end":{"line":70,"column":80}},{"start":{"line":70,"column":86},"end":{"line":70,"column":147}}],"line":70},"2":{"loc":{"start":{"line":97,"column":12},"end":{"line":104,"column":13}},"type":"if","locations":[{"start":{"line":97,"column":12},"end":{"line":104,"column":13}},{"start":{"line":97,"column":12},"end":{"line":104,"column":13}}],"line":97},"3":{"loc":{"start":{"line":131,"column":8},"end":{"line":133,"column":9}},"type":"if","locations":[{"start":{"line":131,"column":8},"end":{"line":133,"column":9}},{"start":{"line":131,"column":8},"end":{"line":133,"column":9}}],"line":131},"4":{"loc":{"start":{"line":135,"column":12},"end":{"line":139,"column":13}},"type":"if","locations":[{"start":{"line":135,"column":12},"end":{"line":139,"column":13}},{"start":{"line":135,"column":12},"end":{"line":139,"column":13}}],"line":135},"5":{"loc":{"start":{"line":159,"column":8},"end":{"line":164,"column":9}},"type":"if","locations":[{"start":{"line":159,"column":8},"end":{"line":164,"column":9}},{"start":{"line":159,"column":8},"end":{"line":164,"column":9}}],"line":159},"6":{"loc":{"start":{"line":159,"column":12},"end":{"line":159,"column":54}},"type":"binary-expr","locations":[{"start":{"line":159,"column":12},"end":{"line":159,"column":38}},{"start":{"line":159,"column":42},"end":{"line":159,"column":54}}],"line":159}},"s":{"0":1,"1":1,"2":1,"3":1,"4":1,"5":1,"6":1,"7":1,"8":1,"9":1,"10":1,"11":1,"12":1,"13":1,"14":1,"15":1,"16":1,"17":1,"18":1,"19":1,"20":1,"21":0,"22":0,"23":0,"24":1,"25":1,"26":0,"27":1,"28":0,"29":1,"30":0,"31":1,"32":0,"33":1,"34":1,"35":1,"36":1,"37":1,"38":0,"39":0,"40":0,"41":0,"42":0,"43":0,"44":0,"45":0,"46":0,"47":0,"48":0,"49":0,"50":0,"51":0,"52":0,"53":0,"54":0,"55":0,"56":0,"57":0,"58":0,"59":0,"60":0,"61":0,"62":0,"63":0,"64":0,"65":0,"66":0,"67":0,"68":0,"69":0,"70":0,"71":0,"72":0,"73":0,"74":0,"75":0,"76":0,"77":0,"78":0,"79":0,"80":0,"81":0,"82":0,"83":0,"84":0,"85":0,"86":0,"87":0,"88":0,"89":0,"90":0,"91":0,"92":0,"93":0,"94":0,"95":0,"96":0,"97":0,"98":0,"99":0,"100":0,"101":0,"102":0,"103":0,"104":0,"105":1},"f":{"0":1,"1":1,"2":1,"3":1,"4":1,"5":1,"6":0,"7":0,"8":0,"9":0,"10":0,"11":1,"12":0,"13":0,"14":0,"15":0,"16":0,"17":0,"18":0,"19":0,"20":0,"21":0,"22":0,"23":0,"24":0,"25":0,"26":0,"27":0},"b":{"0":[0,0],"1":[0,0],"2":[0,0],"3":[0,0],"4":[0,0],"5":[0,0],"6":[0,0]},"_coverageSchema":"332fd63041d2c1bcb487cc26dd0d5f7d97098a6c","hash":"ab9d86c420cde0597988aa43af9ceff6cdda957c","contentHash":"598fadaad31dda97eed263a0477f28a6_11.3.0"},"C:\\Users\\billz\\WebstormProjects\\project_team267\\src\\Util.js":{"path":"C:\\Users\\billz\\WebstormProjects\\project_team267\\src\\Util.js","statementMap":{"0":{"start":{"line":2,"column":0},"end":{"line":2,"column":62}},"1":{"start":{"line":5,"column":8},"end":{"line":5,"column":67}},"2":{"start":{"line":8,"column":8},"end":{"line":8,"column":68}},"3":{"start":{"line":11,"column":8},"end":{"line":11,"column":68}},"4":{"start":{"line":14,"column":8},"end":{"line":14,"column":69}},"5":{"start":{"line":17,"column":8},"end":{"line":17,"column":67}},"6":{"start":{"line":20,"column":0},"end":{"line":20,"column":22}}},"fnMap":{"0":{"name":"(anonymous_0)","decl":{"start":{"line":4,"column":4},"end":{"line":4,"column":5}},"loc":{"start":{"line":4,"column":25},"end":{"line":6,"column":5}},"line":4},"1":{"name":"(anonymous_1)","decl":{"start":{"line":7,"column":4},"end":{"line":7,"column":5}},"loc":{"start":{"line":7,"column":24},"end":{"line":9,"column":5}},"line":7},"2":{"name":"(anonymous_2)","decl":{"start":{"line":10,"column":4},"end":{"line":10,"column":5}},"loc":{"start":{"line":10,"column":24},"end":{"line":12,"column":5}},"line":10},"3":{"name":"(anonymous_3)","decl":{"start":{"line":13,"column":4},"end":{"line":13,"column":5}},"loc":{"start":{"line":13,"column":25},"end":{"line":15,"column":5}},"line":13},"4":{"name":"(anonymous_4)","decl":{"start":{"line":16,"column":4},"end":{"line":16,"column":5}},"loc":{"start":{"line":16,"column":24},"end":{"line":18,"column":5}},"line":16}},"branchMap":{},"s":{"0":1,"1":4,"2":4,"3":0,"4":0,"5":0,"6":1},"f":{"0":4,"1":4,"2":0,"3":0,"4":0},"b":{},"_coverageSchema":"332fd63041d2c1bcb487cc26dd0d5f7d97098a6c","hash":"031c4e6c179d24299d5e749dfb4e7f54f81263be","contentHash":"079822004f6ac52200a342e9b0ba661c_11.3.0"},"C:\\Users\\billz\\WebstormProjects\\project_team267\\src\\controller\\InsightFacade.js":{"path":"C:\\Users\\billz\\WebstormProjects\\project_team267\\src\\controller\\InsightFacade.js","statementMap":{"0":{"start":{"line":2,"column":16},"end":{"line":9,"column":1}},"1":{"start":{"line":3,"column":4},"end":{"line":8,"column":7}},"2":{"start":{"line":4,"column":36},"end":{"line":4,"column":97}},"3":{"start":{"line":4,"column":42},"end":{"line":4,"column":70}},"4":{"start":{"line":4,"column":85},"end":{"line":4,"column":95}},"5":{"start":{"line":5,"column":35},"end":{"line":5,"column":100}},"6":{"start":{"line":5,"column":41},"end":{"line":5,"column":73}},"7":{"start":{"line":5,"column":88},"end":{"line":5,"column":98}},"8":{"start":{"line":6,"column":32},"end":{"line":6,"column":149}},"9":{"start":{"line":6,"column":97},"end":{"line":6,"column":119}},"10":{"start":{"line":7,"column":8},"end":{"line":7,"column":78}},"11":{"start":{"line":10,"column":0},"end":{"line":10,"column":62}},"12":{"start":{"line":11,"column":15},"end":{"line":11,"column":33}},"13":{"start":{"line":12,"column":25},"end":{"line":12,"column":52}},"14":{"start":{"line":13,"column":19},"end":{"line":13,"column":40}},"15":{"start":{"line":14,"column":14},"end":{"line":14,"column":30}},"16":{"start":{"line":15,"column":11},"end":{"line":15,"column":24}},"17":{"start":{"line":16,"column":18},"end":{"line":16,"column":38}},"18":{"start":{"line":17,"column":16},"end":{"line":17,"column":34}},"19":{"start":{"line":18,"column":11},"end":{"line":18,"column":35}},"20":{"start":{"line":19,"column":15},"end":{"line":19,"column":32}},"21":{"start":{"line":20,"column":22},"end":{"line":20,"column":46}},"22":{"start":{"line":23,"column":8},"end":{"line":23,"column":33}},"23":{"start":{"line":24,"column":8},"end":{"line":24,"column":58}},"24":{"start":{"line":25,"column":8},"end":{"line":25,"column":49}},"25":{"start":{"line":26,"column":8},"end":{"line":26,"column":31}},"26":{"start":{"line":29,"column":24},"end":{"line":29,"column":52}},"27":{"start":{"line":30,"column":8},"end":{"line":39,"column":11}},"28":{"start":{"line":31,"column":12},"end":{"line":38,"column":13}},"29":{"start":{"line":32,"column":34},"end":{"line":32,"column":82}},"30":{"start":{"line":33,"column":38},"end":{"line":33,"column":61}},"31":{"start":{"line":34,"column":16},"end":{"line":34,"column":58}},"32":{"start":{"line":37,"column":16},"end":{"line":37,"column":86}},"33":{"start":{"line":42,"column":8},"end":{"line":92,"column":11}},"34":{"start":{"line":43,"column":12},"end":{"line":43,"column":35}},"35":{"start":{"line":44,"column":12},"end":{"line":46,"column":13}},"36":{"start":{"line":45,"column":16},"end":{"line":45,"column":72}},"37":{"start":{"line":47,"column":12},"end":{"line":91,"column":16}},"38":{"start":{"line":47,"column":44},"end":{"line":91,"column":14}},"39":{"start":{"line":48,"column":16},"end":{"line":90,"column":17}},"40":{"start":{"line":49,"column":20},"end":{"line":49,"column":88}},"41":{"start":{"line":52,"column":34},"end":{"line":52,"column":45}},"42":{"start":{"line":53,"column":38},"end":{"line":53,"column":69}},"43":{"start":{"line":54,"column":20},"end":{"line":89,"column":21}},"44":{"start":{"line":55,"column":24},"end":{"line":71,"column":27}},"45":{"start":{"line":56,"column":48},"end":{"line":56,"column":79}},"46":{"start":{"line":57,"column":28},"end":{"line":68,"column":31}},"47":{"start":{"line":58,"column":32},"end":{"line":58,"column":78}},"48":{"start":{"line":59,"column":32},"end":{"line":64,"column":33}},"49":{"start":{"line":60,"column":36},"end":{"line":60,"column":87}},"50":{"start":{"line":63,"column":36},"end":{"line":63,"column":46}},"51":{"start":{"line":67,"column":32},"end":{"line":67,"column":82}},"52":{"start":{"line":70,"column":28},"end":{"line":70,"column":90}},"53":{"start":{"line":73,"column":25},"end":{"line":89,"column":21}},"54":{"start":{"line":74,"column":24},"end":{"line":88,"column":27}},"55":{"start":{"line":75,"column":28},"end":{"line":85,"column":31}},"56":{"start":{"line":76,"column":32},"end":{"line":82,"column":33}},"57":{"start":{"line":77,"column":36},"end":{"line":77,"column":69}},"58":{"start":{"line":78,"column":36},"end":{"line":78,"column":81}},"59":{"start":{"line":81,"column":36},"end":{"line":81,"column":110}},"60":{"start":{"line":84,"column":32},"end":{"line":84,"column":79}},"61":{"start":{"line":87,"column":28},"end":{"line":87,"column":90}},"62":{"start":{"line":95,"column":8},"end":{"line":101,"column":9}},"63":{"start":{"line":96,"column":12},"end":{"line":96,"column":41}},"64":{"start":{"line":97,"column":12},"end":{"line":97,"column":55}},"65":{"start":{"line":100,"column":12},"end":{"line":100,"column":84}},"66":{"start":{"line":104,"column":23},"end":{"line":104,"column":40}},"67":{"start":{"line":105,"column":20},"end":{"line":105,"column":37}},"68":{"start":{"line":106,"column":8},"end":{"line":153,"column":11}},"69":{"start":{"line":107,"column":12},"end":{"line":152,"column":13}},"70":{"start":{"line":108,"column":16},"end":{"line":148,"column":19}},"71":{"start":{"line":109,"column":34},"end":{"line":109,"column":56}},"72":{"start":{"line":110,"column":35},"end":{"line":112,"column":22}},"73":{"start":{"line":111,"column":24},"end":{"line":111,"column":56}},"74":{"start":{"line":113,"column":35},"end":{"line":115,"column":22}},"75":{"start":{"line":114,"column":24},"end":{"line":114,"column":56}},"76":{"start":{"line":116,"column":33},"end":{"line":116,"column":59}},"77":{"start":{"line":116,"column":73},"end":{"line":116,"column":75}},"78":{"start":{"line":117,"column":20},"end":{"line":124,"column":21}},"79":{"start":{"line":118,"column":24},"end":{"line":120,"column":27}},"80":{"start":{"line":119,"column":28},"end":{"line":119,"column":81}},"81":{"start":{"line":123,"column":24},"end":{"line":123,"column":67}},"82":{"start":{"line":125,"column":43},"end":{"line":125,"column":89}},"83":{"start":{"line":126,"column":41},"end":{"line":126,"column":43}},"84":{"start":{"line":127,"column":20},"end":{"line":147,"column":23}},"85":{"start":{"line":128,"column":24},"end":{"line":139,"column":27}},"86":{"start":{"line":129,"column":28},"end":{"line":138,"column":32}},"87":{"start":{"line":130,"column":32},"end":{"line":133,"column":33}},"88":{"start":{"line":131,"column":36},"end":{"line":131,"column":66}},"89":{"start":{"line":132,"column":36},"end":{"line":132,"column":66}},"90":{"start":{"line":134,"column":51},"end":{"line":134,"column":78}},"91":{"start":{"line":135,"column":32},"end":{"line":135,"column":84}},"92":{"start":{"line":137,"column":32},"end":{"line":137,"column":79}},"93":{"start":{"line":140,"column":24},"end":{"line":144,"column":27}},"94":{"start":{"line":141,"column":28},"end":{"line":141,"column":38}},"95":{"start":{"line":143,"column":28},"end":{"line":143,"column":75}},"96":{"start":{"line":146,"column":24},"end":{"line":146,"column":74}},"97":{"start":{"line":151,"column":16},"end":{"line":151,"column":88}},"98":{"start":{"line":156,"column":26},"end":{"line":156,"column":28}},"99":{"start":{"line":157,"column":8},"end":{"line":157,"column":55}},"100":{"start":{"line":158,"column":8},"end":{"line":202,"column":11}},"101":{"start":{"line":159,"column":28},"end":{"line":161,"column":14}},"102":{"start":{"line":160,"column":16},"end":{"line":160,"column":49}},"103":{"start":{"line":162,"column":28},"end":{"line":162,"column":30}},"104":{"start":{"line":163,"column":12},"end":{"line":163,"column":51}},"105":{"start":{"line":164,"column":12},"end":{"line":201,"column":15}},"106":{"start":{"line":165,"column":27},"end":{"line":165,"column":47}},"107":{"start":{"line":166,"column":16},"end":{"line":166,"column":69}},"108":{"start":{"line":167,"column":31},"end":{"line":167,"column":33}},"109":{"start":{"line":168,"column":16},"end":{"line":168,"column":48}},"110":{"start":{"line":169,"column":16},"end":{"line":200,"column":17}},"111":{"start":{"line":170,"column":20},"end":{"line":192,"column":23}},"112":{"start":{"line":171,"column":24},"end":{"line":191,"column":25}},"113":{"start":{"line":172,"column":28},"end":{"line":172,"column":85}},"114":{"start":{"line":174,"column":29},"end":{"line":191,"column":25}},"115":{"start":{"line":175,"column":28},"end":{"line":175,"column":75}},"116":{"start":{"line":177,"column":29},"end":{"line":191,"column":25}},"117":{"start":{"line":178,"column":28},"end":{"line":178,"column":70}},"118":{"start":{"line":180,"column":29},"end":{"line":191,"column":25}},"119":{"start":{"line":181,"column":36},"end":{"line":183,"column":30}},"120":{"start":{"line":182,"column":32},"end":{"line":182,"column":61}},"121":{"start":{"line":184,"column":28},"end":{"line":184,"column":71}},"122":{"start":{"line":186,"column":29},"end":{"line":191,"column":25}},"123":{"start":{"line":187,"column":36},"end":{"line":189,"column":30}},"124":{"start":{"line":188,"column":32},"end":{"line":188,"column":61}},"125":{"start":{"line":190,"column":28},"end":{"line":190,"column":64}},"126":{"start":{"line":193,"column":20},"end":{"line":193,"column":67}},"127":{"start":{"line":194,"column":20},"end":{"line":196,"column":21}},"128":{"start":{"line":195,"column":24},"end":{"line":195,"column":52}},"129":{"start":{"line":199,"column":20},"end":{"line":199,"column":87}},"130":{"start":{"line":205,"column":8},"end":{"line":205,"column":46}},"131":{"start":{"line":206,"column":8},"end":{"line":214,"column":9}},"132":{"start":{"line":207,"column":12},"end":{"line":209,"column":13}},"133":{"start":{"line":208,"column":16},"end":{"line":208,"column":43}},"134":{"start":{"line":210,"column":12},"end":{"line":210,"column":89}},"135":{"start":{"line":213,"column":12},"end":{"line":213,"column":76}},"136":{"start":{"line":217,"column":8},"end":{"line":228,"column":11}},"137":{"start":{"line":218,"column":12},"end":{"line":227,"column":15}},"138":{"start":{"line":219,"column":16},"end":{"line":223,"column":19}},"139":{"start":{"line":220,"column":20},"end":{"line":222,"column":21}},"140":{"start":{"line":221,"column":24},"end":{"line":221,"column":45}},"141":{"start":{"line":224,"column":16},"end":{"line":224,"column":38}},"142":{"start":{"line":226,"column":16},"end":{"line":226,"column":94}},"143":{"start":{"line":231,"column":8},"end":{"line":260,"column":11}},"144":{"start":{"line":232,"column":12},"end":{"line":232,"column":35}},"145":{"start":{"line":233,"column":12},"end":{"line":259,"column":13}},"146":{"start":{"line":234,"column":16},"end":{"line":255,"column":19}},"147":{"start":{"line":235,"column":20},"end":{"line":252,"column":21}},"148":{"start":{"line":236,"column":24},"end":{"line":236,"column":101}},"149":{"start":{"line":239,"column":24},"end":{"line":244,"column":25}},"150":{"start":{"line":240,"column":28},"end":{"line":240,"column":62}},"151":{"start":{"line":243,"column":28},"end":{"line":243,"column":107}},"152":{"start":{"line":245,"column":24},"end":{"line":250,"column":25}},"153":{"start":{"line":246,"column":28},"end":{"line":246,"column":61}},"154":{"start":{"line":249,"column":28},"end":{"line":249,"column":105}},"155":{"start":{"line":251,"column":24},"end":{"line":251,"column":36}},"156":{"start":{"line":254,"column":20},"end":{"line":254,"column":98}},"157":{"start":{"line":258,"column":16},"end":{"line":258,"column":72}},"158":{"start":{"line":263,"column":8},"end":{"line":274,"column":11}},"159":{"start":{"line":264,"column":12},"end":{"line":273,"column":13}},"160":{"start":{"line":265,"column":31},"end":{"line":265,"column":72}},"161":{"start":{"line":266,"column":16},"end":{"line":268,"column":17}},"162":{"start":{"line":267,"column":20},"end":{"line":267,"column":95}},"163":{"start":{"line":269,"column":16},"end":{"line":269,"column":41}},"164":{"start":{"line":272,"column":16},"end":{"line":272,"column":26}},"165":{"start":{"line":277,"column":8},"end":{"line":277,"column":31}},"166":{"start":{"line":279,"column":8},"end":{"line":279,"column":29}},"167":{"start":{"line":280,"column":8},"end":{"line":287,"column":9}},"168":{"start":{"line":281,"column":33},"end":{"line":285,"column":13}},"169":{"start":{"line":286,"column":12},"end":{"line":286,"column":49}},"170":{"start":{"line":288,"column":8},"end":{"line":290,"column":11}},"171":{"start":{"line":289,"column":12},"end":{"line":289,"column":37}},"172":{"start":{"line":293,"column":0},"end":{"line":293,"column":32}}},"fnMap":{"0":{"name":"(anonymous_0)","decl":{"start":{"line":2,"column":44},"end":{"line":2,"column":45}},"loc":{"start":{"line":2,"column":89},"end":{"line":9,"column":1}},"line":2},"1":{"name":"(anonymous_1)","decl":{"start":{"line":3,"column":36},"end":{"line":3,"column":37}},"loc":{"start":{"line":3,"column":63},"end":{"line":8,"column":5}},"line":3},"2":{"name":"fulfilled","decl":{"start":{"line":4,"column":17},"end":{"line":4,"column":26}},"loc":{"start":{"line":4,"column":34},"end":{"line":4,"column":99}},"line":4},"3":{"name":"rejected","decl":{"start":{"line":5,"column":17},"end":{"line":5,"column":25}},"loc":{"start":{"line":5,"column":33},"end":{"line":5,"column":102}},"line":5},"4":{"name":"step","decl":{"start":{"line":6,"column":17},"end":{"line":6,"column":21}},"loc":{"start":{"line":6,"column":30},"end":{"line":6,"column":151}},"line":6},"5":{"name":"(anonymous_5)","decl":{"start":{"line":6,"column":76},"end":{"line":6,"column":77}},"loc":{"start":{"line":6,"column":95},"end":{"line":6,"column":121}},"line":6},"6":{"name":"(anonymous_6)","decl":{"start":{"line":22,"column":4},"end":{"line":22,"column":5}},"loc":{"start":{"line":22,"column":18},"end":{"line":27,"column":5}},"line":22},"7":{"name":"(anonymous_7)","decl":{"start":{"line":28,"column":4},"end":{"line":28,"column":5}},"loc":{"start":{"line":28,"column":22},"end":{"line":40,"column":5}},"line":28},"8":{"name":"(anonymous_8)","decl":{"start":{"line":30,"column":26},"end":{"line":30,"column":27}},"loc":{"start":{"line":30,"column":40},"end":{"line":39,"column":9}},"line":30},"9":{"name":"(anonymous_9)","decl":{"start":{"line":41,"column":4},"end":{"line":41,"column":5}},"loc":{"start":{"line":41,"column":34},"end":{"line":93,"column":5}},"line":41},"10":{"name":"(anonymous_10)","decl":{"start":{"line":42,"column":27},"end":{"line":42,"column":28}},"loc":{"start":{"line":42,"column":48},"end":{"line":92,"column":9}},"line":42},"11":{"name":"(anonymous_11)","decl":{"start":{"line":47,"column":34},"end":{"line":47,"column":35}},"loc":{"start":{"line":47,"column":44},"end":{"line":91,"column":14}},"line":47},"12":{"name":"(anonymous_12)","decl":{"start":{"line":47,"column":76},"end":{"line":47,"column":77}},"loc":{"start":{"line":47,"column":89},"end":{"line":91,"column":13}},"line":47},"13":{"name":"(anonymous_13)","decl":{"start":{"line":55,"column":74},"end":{"line":55,"column":75}},"loc":{"start":{"line":55,"column":84},"end":{"line":69,"column":25}},"line":55},"14":{"name":"(anonymous_14)","decl":{"start":{"line":57,"column":60},"end":{"line":57,"column":61}},"loc":{"start":{"line":57,"column":75},"end":{"line":65,"column":29}},"line":57},"15":{"name":"(anonymous_15)","decl":{"start":{"line":66,"column":39},"end":{"line":66,"column":40}},"loc":{"start":{"line":66,"column":51},"end":{"line":68,"column":29}},"line":66},"16":{"name":"(anonymous_16)","decl":{"start":{"line":69,"column":33},"end":{"line":69,"column":34}},"loc":{"start":{"line":69,"column":45},"end":{"line":71,"column":25}},"line":69},"17":{"name":"(anonymous_17)","decl":{"start":{"line":74,"column":74},"end":{"line":74,"column":75}},"loc":{"start":{"line":74,"column":84},"end":{"line":86,"column":25}},"line":74},"18":{"name":"(anonymous_18)","decl":{"start":{"line":75,"column":71},"end":{"line":75,"column":72}},"loc":{"start":{"line":75,"column":77},"end":{"line":83,"column":29}},"line":75},"19":{"name":"(anonymous_19)","decl":{"start":{"line":83,"column":37},"end":{"line":83,"column":38}},"loc":{"start":{"line":83,"column":46},"end":{"line":85,"column":29}},"line":83},"20":{"name":"(anonymous_20)","decl":{"start":{"line":86,"column":33},"end":{"line":86,"column":34}},"loc":{"start":{"line":86,"column":45},"end":{"line":88,"column":25}},"line":86},"21":{"name":"(anonymous_21)","decl":{"start":{"line":94,"column":4},"end":{"line":94,"column":5}},"loc":{"start":{"line":94,"column":37},"end":{"line":102,"column":5}},"line":94},"22":{"name":"(anonymous_22)","decl":{"start":{"line":103,"column":4},"end":{"line":103,"column":5}},"loc":{"start":{"line":103,"column":37},"end":{"line":154,"column":5}},"line":103},"23":{"name":"(anonymous_23)","decl":{"start":{"line":106,"column":27},"end":{"line":106,"column":28}},"loc":{"start":{"line":106,"column":48},"end":{"line":153,"column":9}},"line":106},"24":{"name":"(anonymous_24)","decl":{"start":{"line":108,"column":53},"end":{"line":108,"column":54}},"loc":{"start":{"line":108,"column":67},"end":{"line":148,"column":17}},"line":108},"25":{"name":"(anonymous_25)","decl":{"start":{"line":110,"column":59},"end":{"line":110,"column":60}},"loc":{"start":{"line":110,"column":69},"end":{"line":112,"column":21}},"line":110},"26":{"name":"(anonymous_26)","decl":{"start":{"line":113,"column":60},"end":{"line":113,"column":61}},"loc":{"start":{"line":113,"column":70},"end":{"line":115,"column":21}},"line":113},"27":{"name":"(anonymous_27)","decl":{"start":{"line":118,"column":39},"end":{"line":118,"column":40}},"loc":{"start":{"line":118,"column":50},"end":{"line":120,"column":25}},"line":118},"28":{"name":"(anonymous_28)","decl":{"start":{"line":127,"column":55},"end":{"line":127,"column":56}},"loc":{"start":{"line":127,"column":61},"end":{"line":145,"column":21}},"line":127},"29":{"name":"(anonymous_29)","decl":{"start":{"line":128,"column":42},"end":{"line":128,"column":43}},"loc":{"start":{"line":128,"column":56},"end":{"line":139,"column":25}},"line":128},"30":{"name":"(anonymous_30)","decl":{"start":{"line":129,"column":84},"end":{"line":129,"column":85}},"loc":{"start":{"line":129,"column":100},"end":{"line":136,"column":29}},"line":129},"31":{"name":"(anonymous_31)","decl":{"start":{"line":136,"column":37},"end":{"line":136,"column":38}},"loc":{"start":{"line":136,"column":46},"end":{"line":138,"column":29}},"line":136},"32":{"name":"(anonymous_32)","decl":{"start":{"line":140,"column":57},"end":{"line":140,"column":58}},"loc":{"start":{"line":140,"column":63},"end":{"line":142,"column":25}},"line":140},"33":{"name":"(anonymous_33)","decl":{"start":{"line":142,"column":33},"end":{"line":142,"column":34}},"loc":{"start":{"line":142,"column":42},"end":{"line":144,"column":25}},"line":142},"34":{"name":"(anonymous_34)","decl":{"start":{"line":145,"column":29},"end":{"line":145,"column":30}},"loc":{"start":{"line":145,"column":41},"end":{"line":147,"column":21}},"line":145},"35":{"name":"(anonymous_35)","decl":{"start":{"line":155,"column":4},"end":{"line":155,"column":5}},"loc":{"start":{"line":155,"column":51},"end":{"line":203,"column":5}},"line":155},"36":{"name":"(anonymous_36)","decl":{"start":{"line":158,"column":28},"end":{"line":158,"column":29}},"loc":{"start":{"line":158,"column":39},"end":{"line":202,"column":9}},"line":158},"37":{"name":"(anonymous_37)","decl":{"start":{"line":159,"column":50},"end":{"line":159,"column":51}},"loc":{"start":{"line":159,"column":60},"end":{"line":161,"column":13}},"line":159},"38":{"name":"(anonymous_38)","decl":{"start":{"line":164,"column":30},"end":{"line":164,"column":31}},"loc":{"start":{"line":164,"column":39},"end":{"line":201,"column":13}},"line":164},"39":{"name":"(anonymous_39)","decl":{"start":{"line":170,"column":37},"end":{"line":170,"column":38}},"loc":{"start":{"line":170,"column":45},"end":{"line":192,"column":21}},"line":170},"40":{"name":"(anonymous_40)","decl":{"start":{"line":181,"column":55},"end":{"line":181,"column":56}},"loc":{"start":{"line":181,"column":65},"end":{"line":183,"column":29}},"line":181},"41":{"name":"(anonymous_41)","decl":{"start":{"line":187,"column":55},"end":{"line":187,"column":56}},"loc":{"start":{"line":187,"column":65},"end":{"line":189,"column":29}},"line":187},"42":{"name":"(anonymous_42)","decl":{"start":{"line":204,"column":4},"end":{"line":204,"column":5}},"loc":{"start":{"line":204,"column":32},"end":{"line":215,"column":5}},"line":204},"43":{"name":"(anonymous_43)","decl":{"start":{"line":216,"column":4},"end":{"line":216,"column":5}},"loc":{"start":{"line":216,"column":16},"end":{"line":229,"column":5}},"line":216},"44":{"name":"(anonymous_44)","decl":{"start":{"line":217,"column":27},"end":{"line":217,"column":28}},"loc":{"start":{"line":217,"column":48},"end":{"line":228,"column":9}},"line":217},"45":{"name":"(anonymous_45)","decl":{"start":{"line":218,"column":37},"end":{"line":218,"column":38}},"loc":{"start":{"line":218,"column":51},"end":{"line":225,"column":13}},"line":218},"46":{"name":"(anonymous_46)","decl":{"start":{"line":219,"column":33},"end":{"line":219,"column":34}},"loc":{"start":{"line":219,"column":43},"end":{"line":223,"column":17}},"line":219},"47":{"name":"(anonymous_47)","decl":{"start":{"line":225,"column":21},"end":{"line":225,"column":22}},"loc":{"start":{"line":225,"column":30},"end":{"line":227,"column":13}},"line":225},"48":{"name":"(anonymous_48)","decl":{"start":{"line":230,"column":4},"end":{"line":230,"column":5}},"loc":{"start":{"line":230,"column":22},"end":{"line":261,"column":5}},"line":230},"49":{"name":"(anonymous_49)","decl":{"start":{"line":231,"column":27},"end":{"line":231,"column":28}},"loc":{"start":{"line":231,"column":48},"end":{"line":260,"column":9}},"line":231},"50":{"name":"(anonymous_50)","decl":{"start":{"line":234,"column":38},"end":{"line":234,"column":39}},"loc":{"start":{"line":234,"column":47},"end":{"line":253,"column":17}},"line":234},"51":{"name":"(anonymous_51)","decl":{"start":{"line":253,"column":25},"end":{"line":253,"column":26}},"loc":{"start":{"line":253,"column":34},"end":{"line":255,"column":17}},"line":253},"52":{"name":"(anonymous_52)","decl":{"start":{"line":262,"column":4},"end":{"line":262,"column":5}},"loc":{"start":{"line":262,"column":24},"end":{"line":275,"column":5}},"line":262},"53":{"name":"(anonymous_53)","decl":{"start":{"line":263,"column":27},"end":{"line":263,"column":28}},"loc":{"start":{"line":263,"column":48},"end":{"line":274,"column":9}},"line":263},"54":{"name":"(anonymous_54)","decl":{"start":{"line":276,"column":4},"end":{"line":276,"column":5}},"loc":{"start":{"line":276,"column":19},"end":{"line":291,"column":5}},"line":276},"55":{"name":"(anonymous_55)","decl":{"start":{"line":288,"column":27},"end":{"line":288,"column":28}},"loc":{"start":{"line":288,"column":48},"end":{"line":290,"column":9}},"line":288}},"branchMap":{"0":{"loc":{"start":{"line":2,"column":16},"end":{"line":9,"column":1}},"type":"binary-expr","locations":[{"start":{"line":2,"column":17},"end":{"line":2,"column":21}},{"start":{"line":2,"column":25},"end":{"line":2,"column":39}},{"start":{"line":2,"column":44},"end":{"line":9,"column":1}}],"line":2},"1":{"loc":{"start":{"line":3,"column":16},"end":{"line":3,"column":34}},"type":"binary-expr","locations":[{"start":{"line":3,"column":16},"end":{"line":3,"column":17}},{"start":{"line":3,"column":22},"end":{"line":3,"column":33}}],"line":3},"2":{"loc":{"start":{"line":6,"column":32},"end":{"line":6,"column":148}},"type":"cond-expr","locations":[{"start":{"line":6,"column":46},"end":{"line":6,"column":67}},{"start":{"line":6,"column":70},"end":{"line":6,"column":148}}],"line":6},"3":{"loc":{"start":{"line":7,"column":51},"end":{"line":7,"column":67}},"type":"binary-expr","locations":[{"start":{"line":7,"column":51},"end":{"line":7,"column":61}},{"start":{"line":7,"column":65},"end":{"line":7,"column":67}}],"line":7},"4":{"loc":{"start":{"line":44,"column":12},"end":{"line":46,"column":13}},"type":"if","locations":[{"start":{"line":44,"column":12},"end":{"line":46,"column":13}},{"start":{"line":44,"column":12},"end":{"line":46,"column":13}}],"line":44},"5":{"loc":{"start":{"line":48,"column":16},"end":{"line":90,"column":17}},"type":"if","locations":[{"start":{"line":48,"column":16},"end":{"line":90,"column":17}},{"start":{"line":48,"column":16},"end":{"line":90,"column":17}}],"line":48},"6":{"loc":{"start":{"line":54,"column":20},"end":{"line":89,"column":21}},"type":"if","locations":[{"start":{"line":54,"column":20},"end":{"line":89,"column":21}},{"start":{"line":54,"column":20},"end":{"line":89,"column":21}}],"line":54},"7":{"loc":{"start":{"line":73,"column":25},"end":{"line":89,"column":21}},"type":"if","locations":[{"start":{"line":73,"column":25},"end":{"line":89,"column":21}},{"start":{"line":73,"column":25},"end":{"line":89,"column":21}}],"line":73},"8":{"loc":{"start":{"line":76,"column":32},"end":{"line":82,"column":33}},"type":"if","locations":[{"start":{"line":76,"column":32},"end":{"line":82,"column":33}},{"start":{"line":76,"column":32},"end":{"line":82,"column":33}}],"line":76},"9":{"loc":{"start":{"line":95,"column":8},"end":{"line":101,"column":9}},"type":"if","locations":[{"start":{"line":95,"column":8},"end":{"line":101,"column":9}},{"start":{"line":95,"column":8},"end":{"line":101,"column":9}}],"line":95},"10":{"loc":{"start":{"line":107,"column":12},"end":{"line":152,"column":13}},"type":"if","locations":[{"start":{"line":107,"column":12},"end":{"line":152,"column":13}},{"start":{"line":107,"column":12},"end":{"line":152,"column":13}}],"line":107},"11":{"loc":{"start":{"line":130,"column":32},"end":{"line":133,"column":33}},"type":"if","locations":[{"start":{"line":130,"column":32},"end":{"line":133,"column":33}},{"start":{"line":130,"column":32},"end":{"line":133,"column":33}}],"line":130},"12":{"loc":{"start":{"line":130,"column":36},"end":{"line":130,"column":104}},"type":"binary-expr","locations":[{"start":{"line":130,"column":36},"end":{"line":130,"column":68}},{"start":{"line":130,"column":72},"end":{"line":130,"column":104}}],"line":130},"13":{"loc":{"start":{"line":171,"column":24},"end":{"line":191,"column":25}},"type":"if","locations":[{"start":{"line":171,"column":24},"end":{"line":191,"column":25}},{"start":{"line":171,"column":24},"end":{"line":191,"column":25}}],"line":171},"14":{"loc":{"start":{"line":174,"column":29},"end":{"line":191,"column":25}},"type":"if","locations":[{"start":{"line":174,"column":29},"end":{"line":191,"column":25}},{"start":{"line":174,"column":29},"end":{"line":191,"column":25}}],"line":174},"15":{"loc":{"start":{"line":177,"column":29},"end":{"line":191,"column":25}},"type":"if","locations":[{"start":{"line":177,"column":29},"end":{"line":191,"column":25}},{"start":{"line":177,"column":29},"end":{"line":191,"column":25}}],"line":177},"16":{"loc":{"start":{"line":180,"column":29},"end":{"line":191,"column":25}},"type":"if","locations":[{"start":{"line":180,"column":29},"end":{"line":191,"column":25}},{"start":{"line":180,"column":29},"end":{"line":191,"column":25}}],"line":180},"17":{"loc":{"start":{"line":186,"column":29},"end":{"line":191,"column":25}},"type":"if","locations":[{"start":{"line":186,"column":29},"end":{"line":191,"column":25}},{"start":{"line":186,"column":29},"end":{"line":191,"column":25}}],"line":186},"18":{"loc":{"start":{"line":194,"column":20},"end":{"line":196,"column":21}},"type":"if","locations":[{"start":{"line":194,"column":20},"end":{"line":196,"column":21}},{"start":{"line":194,"column":20},"end":{"line":196,"column":21}}],"line":194},"19":{"loc":{"start":{"line":207,"column":12},"end":{"line":209,"column":13}},"type":"if","locations":[{"start":{"line":207,"column":12},"end":{"line":209,"column":13}},{"start":{"line":207,"column":12},"end":{"line":209,"column":13}}],"line":207},"20":{"loc":{"start":{"line":220,"column":20},"end":{"line":222,"column":21}},"type":"if","locations":[{"start":{"line":220,"column":20},"end":{"line":222,"column":21}},{"start":{"line":220,"column":20},"end":{"line":222,"column":21}}],"line":220},"21":{"loc":{"start":{"line":233,"column":12},"end":{"line":259,"column":13}},"type":"if","locations":[{"start":{"line":233,"column":12},"end":{"line":259,"column":13}},{"start":{"line":233,"column":12},"end":{"line":259,"column":13}}],"line":233},"22":{"loc":{"start":{"line":235,"column":20},"end":{"line":252,"column":21}},"type":"if","locations":[{"start":{"line":235,"column":20},"end":{"line":252,"column":21}},{"start":{"line":235,"column":20},"end":{"line":252,"column":21}}],"line":235},"23":{"loc":{"start":{"line":266,"column":16},"end":{"line":268,"column":17}},"type":"if","locations":[{"start":{"line":266,"column":16},"end":{"line":268,"column":17}},{"start":{"line":266,"column":16},"end":{"line":268,"column":17}}],"line":266}},"s":{"0":1,"1":2,"2":0,"3":0,"4":0,"5":0,"6":0,"7":0,"8":2,"9":0,"10":2,"11":1,"12":1,"13":1,"14":1,"15":1,"16":1,"17":1,"18":1,"19":1,"20":1,"21":1,"22":2,"23":2,"24":2,"25":2,"26":6,"27":6,"28":0,"29":0,"30":0,"31":0,"32":0,"33":2,"34":2,"35":2,"36":0,"37":2,"38":2,"39":2,"40":0,"41":2,"42":2,"43":2,"44":1,"45":1,"46":1,"47":1,"48":1,"49":1,"50":0,"51":0,"52":0,"53":1,"54":1,"55":1,"56":1,"57":1,"58":1,"59":0,"60":0,"61":0,"62":1,"63":1,"64":1,"65":0,"66":1,"67":1,"68":1,"69":1,"70":1,"71":1,"72":1,"73":7,"74":1,"75":4,"76":1,"77":1,"78":1,"79":1,"80":1,"81":0,"82":1,"83":1,"84":1,"85":1,"86":74,"87":74,"88":74,"89":74,"90":74,"91":74,"92":0,"93":1,"94":1,"95":0,"96":0,"97":0,"98":74,"99":74,"100":74,"101":44,"102":176,"103":44,"104":44,"105":44,"106":364,"107":364,"108":364,"109":364,"110":364,"111":364,"112":1820,"113":364,"114":1456,"115":364,"116":1092,"117":364,"118":728,"119":364,"120":728,"121":364,"122":364,"123":364,"124":728,"125":364,"126":364,"127":364,"128":364,"129":0,"130":2,"131":2,"132":2,"133":0,"134":2,"135":0,"136":2,"137":2,"138":2,"139":0,"140":0,"141":2,"142":0,"143":0,"144":0,"145":0,"146":0,"147":0,"148":0,"149":0,"150":0,"151":0,"152":0,"153":0,"154":0,"155":0,"156":0,"157":0,"158":0,"159":0,"160":0,"161":0,"162":0,"163":0,"164":0,"165":2,"166":2,"167":2,"168":0,"169":0,"170":2,"171":2,"172":1},"f":{"0":2,"1":2,"2":0,"3":0,"4":2,"5":0,"6":2,"7":6,"8":0,"9":2,"10":2,"11":2,"12":2,"13":1,"14":1,"15":0,"16":0,"17":1,"18":1,"19":0,"20":0,"21":1,"22":1,"23":1,"24":1,"25":7,"26":4,"27":1,"28":1,"29":74,"30":74,"31":0,"32":1,"33":0,"34":0,"35":74,"36":44,"37":176,"38":364,"39":1820,"40":728,"41":728,"42":2,"43":2,"44":2,"45":2,"46":0,"47":0,"48":0,"49":0,"50":0,"51":0,"52":0,"53":0,"54":2,"55":2},"b":{"0":[1,1,1],"1":[2,2],"2":[2,0],"3":[2,2],"4":[0,2],"5":[0,2],"6":[1,1],"7":[1,0],"8":[1,0],"9":[1,0],"10":[1,0],"11":[74,0],"12":[74,74],"13":[364,1456],"14":[364,1092],"15":[364,728],"16":[364,364],"17":[364,0],"18":[364,0],"19":[0,2],"20":[0,0],"21":[0,0],"22":[0,0],"23":[0,0]},"_coverageSchema":"332fd63041d2c1bcb487cc26dd0d5f7d97098a6c","hash":"904f4216b7ab0d2957fc4ef05abbef29811aa4bb","contentHash":"eb8fc4aaa1756ff4b750e057ed573880_11.3.0"},"C:\\Users\\billz\\WebstormProjects\\project_team267\\src\\controller\\IInsightFacade.js":{"path":"C:\\Users\\billz\\WebstormProjects\\project_team267\\src\\controller\\IInsightFacade.js","statementMap":{"0":{"start":{"line":2,"column":0},"end":{"line":2,"column":62}},"1":{"start":{"line":4,"column":0},"end":{"line":7,"column":89}},"2":{"start":{"line":5,"column":4},"end":{"line":5,"column":46}},"3":{"start":{"line":6,"column":4},"end":{"line":6,"column":42}},"4":{"start":{"line":10,"column":8},"end":{"line":10,"column":23}},"5":{"start":{"line":11,"column":8},"end":{"line":11,"column":52}},"6":{"start":{"line":14,"column":0},"end":{"line":14,"column":36}},"7":{"start":{"line":17,"column":8},"end":{"line":17,"column":23}},"8":{"start":{"line":18,"column":8},"end":{"line":18,"column":53}},"9":{"start":{"line":21,"column":0},"end":{"line":21,"column":38}},"10":{"start":{"line":24,"column":8},"end":{"line":24,"column":23}},"11":{"start":{"line":25,"column":8},"end":{"line":25,"column":59}},"12":{"start":{"line":28,"column":0},"end":{"line":28,"column":50}}},"fnMap":{"0":{"name":"(anonymous_0)","decl":{"start":{"line":4,"column":1},"end":{"line":4,"column":2}},"loc":{"start":{"line":4,"column":31},"end":{"line":7,"column":1}},"line":4},"1":{"name":"(anonymous_1)","decl":{"start":{"line":9,"column":4},"end":{"line":9,"column":5}},"loc":{"start":{"line":9,"column":25},"end":{"line":12,"column":5}},"line":9},"2":{"name":"(anonymous_2)","decl":{"start":{"line":16,"column":4},"end":{"line":16,"column":5}},"loc":{"start":{"line":16,"column":25},"end":{"line":19,"column":5}},"line":16},"3":{"name":"(anonymous_3)","decl":{"start":{"line":23,"column":4},"end":{"line":23,"column":5}},"loc":{"start":{"line":23,"column":25},"end":{"line":26,"column":5}},"line":23}},"branchMap":{"0":{"loc":{"start":{"line":7,"column":24},"end":{"line":7,"column":87}},"type":"binary-expr","locations":[{"start":{"line":7,"column":24},"end":{"line":7,"column":50}},{"start":{"line":7,"column":55},"end":{"line":7,"column":86}}],"line":7}},"s":{"0":1,"1":1,"2":1,"3":1,"4":0,"5":0,"6":1,"7":0,"8":0,"9":1,"10":0,"11":0,"12":1},"f":{"0":1,"1":0,"2":0,"3":0},"b":{"0":[1,1]},"_coverageSchema":"332fd63041d2c1bcb487cc26dd0d5f7d97098a6c","hash":"47850705b5c06b44ca4317d5bd7d3c30c6297e03","contentHash":"3bf871b4f4439a22f8e209a402a04506_11.3.0"},"C:\\Users\\billz\\WebstormProjects\\project_team267\\src\\controller\\DataSets.js":{"path":"C:\\Users\\billz\\WebstormProjects\\project_team267\\src\\controller\\DataSets.js","statementMap":{"0":{"start":{"line":2,"column":0},"end":{"line":2,"column":62}},"1":{"start":{"line":3,"column":15},"end":{"line":3,"column":33}},"2":{"start":{"line":6,"column":8},"end":{"line":6,"column":49}},"3":{"start":{"line":7,"column":8},"end":{"line":7,"column":27}},"4":{"start":{"line":10,"column":8},"end":{"line":10,"column":44}},"5":{"start":{"line":13,"column":0},"end":{"line":13,"column":27}}},"fnMap":{"0":{"name":"(anonymous_0)","decl":{"start":{"line":5,"column":4},"end":{"line":5,"column":5}},"loc":{"start":{"line":5,"column":18},"end":{"line":8,"column":5}},"line":5},"1":{"name":"(anonymous_1)","decl":{"start":{"line":9,"column":4},"end":{"line":9,"column":5}},"loc":{"start":{"line":9,"column":24},"end":{"line":11,"column":5}},"line":9}},"branchMap":{},"s":{"0":1,"1":1,"2":2,"3":2,"4":2,"5":1},"f":{"0":2,"1":2},"b":{},"_coverageSchema":"332fd63041d2c1bcb487cc26dd0d5f7d97098a6c","hash":"3b59902e3b7c2253d5ef2b8069e9f60934cad9ea","contentHash":"6b1f8e9cb7dfc4da8c8bc5a80dab7aaf_11.3.0"},"C:\\Users\\billz\\WebstormProjects\\project_team267\\src\\controller\\DataSet.js":{"path":"C:\\Users\\billz\\WebstormProjects\\project_team267\\src\\controller\\DataSet.js","statementMap":{"0":{"start":{"line":2,"column":0},"end":{"line":2,"column":62}},"1":{"start":{"line":3,"column":18},"end":{"line":3,"column":38}},"2":{"start":{"line":4,"column":15},"end":{"line":4,"column":32}},"3":{"start":{"line":5,"column":25},"end":{"line":5,"column":52}},"4":{"start":{"line":8,"column":8},"end":{"line":8,"column":21}},"5":{"start":{"line":9,"column":8},"end":{"line":9,"column":26}},"6":{"start":{"line":10,"column":8},"end":{"line":10,"column":25}},"7":{"start":{"line":11,"column":8},"end":{"line":16,"column":9}},"8":{"start":{"line":12,"column":12},"end":{"line":12,"column":40}},"9":{"start":{"line":14,"column":13},"end":{"line":16,"column":9}},"10":{"start":{"line":15,"column":12},"end":{"line":15,"column":40}},"11":{"start":{"line":19,"column":8},"end":{"line":24,"column":9}},"12":{"start":{"line":20,"column":12},"end":{"line":20,"column":47}},"13":{"start":{"line":22,"column":13},"end":{"line":24,"column":9}},"14":{"start":{"line":23,"column":12},"end":{"line":23,"column":47}},"15":{"start":{"line":27,"column":0},"end":{"line":27,"column":26}}},"fnMap":{"0":{"name":"(anonymous_0)","decl":{"start":{"line":7,"column":4},"end":{"line":7,"column":5}},"loc":{"start":{"line":7,"column":26},"end":{"line":17,"column":5}},"line":7},"1":{"name":"(anonymous_1)","decl":{"start":{"line":18,"column":4},"end":{"line":18,"column":5}},"loc":{"start":{"line":18,"column":22},"end":{"line":25,"column":5}},"line":18}},"branchMap":{"0":{"loc":{"start":{"line":11,"column":8},"end":{"line":16,"column":9}},"type":"if","locations":[{"start":{"line":11,"column":8},"end":{"line":16,"column":9}},{"start":{"line":11,"column":8},"end":{"line":16,"column":9}}],"line":11},"1":{"loc":{"start":{"line":14,"column":13},"end":{"line":16,"column":9}},"type":"if","locations":[{"start":{"line":14,"column":13},"end":{"line":16,"column":9}},{"start":{"line":14,"column":13},"end":{"line":16,"column":9}}],"line":14},"2":{"loc":{"start":{"line":19,"column":8},"end":{"line":24,"column":9}},"type":"if","locations":[{"start":{"line":19,"column":8},"end":{"line":24,"column":9}},{"start":{"line":19,"column":8},"end":{"line":24,"column":9}}],"line":19},"3":{"loc":{"start":{"line":22,"column":13},"end":{"line":24,"column":9}},"type":"if","locations":[{"start":{"line":22,"column":13},"end":{"line":24,"column":9}},{"start":{"line":22,"column":13},"end":{"line":24,"column":9}}],"line":22}},"s":{"0":1,"1":1,"2":1,"3":1,"4":2,"5":2,"6":2,"7":2,"8":1,"9":1,"10":1,"11":64976,"12":64612,"13":364,"14":364,"15":1},"f":{"0":2,"1":64976},"b":{"0":[1,1],"1":[1,0],"2":[64612,364],"3":[364,0]},"_coverageSchema":"332fd63041d2c1bcb487cc26dd0d5f7d97098a6c","hash":"5e81340fae0666ab5acbc6893e2349e4cf55ebca","contentHash":"acce39c12d996d3d926a180c70a701cb_11.3.0"},"C:\\Users\\billz\\WebstormProjects\\project_team267\\src\\controller\\Section.js":{"path":"C:\\Users\\billz\\WebstormProjects\\project_team267\\src\\controller\\Section.js","statementMap":{"0":{"start":{"line":2,"column":0},"end":{"line":2,"column":62}},"1":{"start":{"line":5,"column":8},"end":{"line":5,"column":25}},"2":{"start":{"line":6,"column":8},"end":{"line":6,"column":21}},"3":{"start":{"line":7,"column":8},"end":{"line":7,"column":23}},"4":{"start":{"line":8,"column":8},"end":{"line":8,"column":37}},"5":{"start":{"line":9,"column":8},"end":{"line":9,"column":27}},"6":{"start":{"line":10,"column":8},"end":{"line":10,"column":25}},"7":{"start":{"line":11,"column":8},"end":{"line":11,"column":25}},"8":{"start":{"line":12,"column":8},"end":{"line":12,"column":27}},"9":{"start":{"line":13,"column":8},"end":{"line":13,"column":25}},"10":{"start":{"line":14,"column":8},"end":{"line":14,"column":25}},"11":{"start":{"line":17,"column":0},"end":{"line":17,"column":26}}},"fnMap":{"0":{"name":"(anonymous_0)","decl":{"start":{"line":4,"column":4},"end":{"line":4,"column":5}},"loc":{"start":{"line":4,"column":81},"end":{"line":15,"column":5}},"line":4}},"branchMap":{},"s":{"0":1,"1":64612,"2":64612,"3":64612,"4":64612,"5":64612,"6":64612,"7":64612,"8":64612,"9":64612,"10":64612,"11":1},"f":{"0":64612},"b":{},"_coverageSchema":"332fd63041d2c1bcb487cc26dd0d5f7d97098a6c","hash":"f9390b83d071aa04140450d89dffc8f700842209","contentHash":"aa61938a850550775a199c39cbe4fa97_11.3.0"},"C:\\Users\\billz\\WebstormProjects\\project_team267\\src\\controller\\Room.js":{"path":"C:\\Users\\billz\\WebstormProjects\\project_team267\\src\\controller\\Room.js","statementMap":{"0":{"start":{"line":2,"column":0},"end":{"line":2,"column":62}},"1":{"start":{"line":5,"column":0},"end":{"line":5,"column":23}}},"fnMap":{},"branchMap":{},"s":{"0":1,"1":1},"f":{},"b":{},"_coverageSchema":"332fd63041d2c1bcb487cc26dd0d5f7d97098a6c","hash":"55781b3cb385d9cb2136acfc7e8afe9a0d749aa4","contentHash":"a802922acbf965dac465946c955b7543_11.3.0"},"C:\\Users\\billz\\WebstormProjects\\project_team267\\src\\controller\\Query.js":{"path":"C:\\Users\\billz\\WebstormProjects\\project_team267\\src\\controller\\Query.js","statementMap":{"0":{"start":{"line":2,"column":0},"end":{"line":2,"column":62}},"1":{"start":{"line":3,"column":25},"end":{"line":3,"column":52}},"2":{"start":{"line":4,"column":26},"end":{"line":4,"column":54}},"3":{"start":{"line":5,"column":22},"end":{"line":5,"column":46}},"4":{"start":{"line":6,"column":22},"end":{"line":6,"column":46}},"5":{"start":{"line":7,"column":19},"end":{"line":7,"column":40}},"6":{"start":{"line":8,"column":18},"end":{"line":8,"column":38}},"7":{"start":{"line":9,"column":21},"end":{"line":9,"column":44}},"8":{"start":{"line":10,"column":25},"end":{"line":10,"column":52}},"9":{"start":{"line":13,"column":8},"end":{"line":13,"column":25}},"10":{"start":{"line":14,"column":8},"end":{"line":14,"column":30}},"11":{"start":{"line":15,"column":8},"end":{"line":15,"column":33}},"12":{"start":{"line":16,"column":22},"end":{"line":16,"column":46}},"13":{"start":{"line":17,"column":8},"end":{"line":19,"column":9}},"14":{"start":{"line":18,"column":12},"end":{"line":18,"column":89}},"15":{"start":{"line":20,"column":8},"end":{"line":22,"column":9}},"16":{"start":{"line":21,"column":12},"end":{"line":21,"column":85}},"17":{"start":{"line":23,"column":8},"end":{"line":34,"column":9}},"18":{"start":{"line":24,"column":32},"end":{"line":24,"column":70}},"19":{"start":{"line":25,"column":28},"end":{"line":25,"column":93}},"20":{"start":{"line":26,"column":29},"end":{"line":26,"column":66}},"21":{"start":{"line":27,"column":12},"end":{"line":29,"column":13}},"22":{"start":{"line":28,"column":16},"end":{"line":28,"column":95}},"23":{"start":{"line":30,"column":12},"end":{"line":30,"column":62}},"24":{"start":{"line":33,"column":12},"end":{"line":33,"column":55}},"25":{"start":{"line":35,"column":8},"end":{"line":37,"column":9}},"26":{"start":{"line":36,"column":12},"end":{"line":36,"column":95}},"27":{"start":{"line":38,"column":8},"end":{"line":40,"column":9}},"28":{"start":{"line":39,"column":12},"end":{"line":39,"column":98}},"29":{"start":{"line":41,"column":8},"end":{"line":41,"column":62}},"30":{"start":{"line":42,"column":20},"end":{"line":42,"column":42}},"31":{"start":{"line":43,"column":8},"end":{"line":45,"column":9}},"32":{"start":{"line":44,"column":12},"end":{"line":44,"column":80}},"33":{"start":{"line":46,"column":8},"end":{"line":48,"column":9}},"34":{"start":{"line":47,"column":12},"end":{"line":47,"column":80}},"35":{"start":{"line":49,"column":23},"end":{"line":49,"column":44}},"36":{"start":{"line":50,"column":8},"end":{"line":73,"column":9}},"37":{"start":{"line":51,"column":12},"end":{"line":51,"column":80}},"38":{"start":{"line":53,"column":13},"end":{"line":73,"column":9}},"39":{"start":{"line":54,"column":12},"end":{"line":54,"column":79}},"40":{"start":{"line":56,"column":13},"end":{"line":73,"column":9}},"41":{"start":{"line":57,"column":12},"end":{"line":57,"column":75}},"42":{"start":{"line":59,"column":13},"end":{"line":73,"column":9}},"43":{"start":{"line":60,"column":12},"end":{"line":60,"column":75}},"44":{"start":{"line":62,"column":13},"end":{"line":73,"column":9}},"45":{"start":{"line":63,"column":12},"end":{"line":63,"column":75}},"46":{"start":{"line":65,"column":13},"end":{"line":73,"column":9}},"47":{"start":{"line":66,"column":12},"end":{"line":66,"column":75}},"48":{"start":{"line":68,"column":13},"end":{"line":73,"column":9}},"49":{"start":{"line":69,"column":12},"end":{"line":69,"column":73}},"50":{"start":{"line":72,"column":12},"end":{"line":72,"column":75}},"51":{"start":{"line":74,"column":8},"end":{"line":104,"column":9}},"52":{"start":{"line":75,"column":34},"end":{"line":75,"column":108}},"53":{"start":{"line":76,"column":26},"end":{"line":76,"column":52}},"54":{"start":{"line":77,"column":31},"end":{"line":77,"column":33}},"55":{"start":{"line":78,"column":35},"end":{"line":78,"column":37}},"56":{"start":{"line":79,"column":12},"end":{"line":84,"column":13}},"57":{"start":{"line":80,"column":16},"end":{"line":80,"column":38}},"58":{"start":{"line":83,"column":16},"end":{"line":83,"column":90}},"59":{"start":{"line":85,"column":12},"end":{"line":91,"column":13}},"60":{"start":{"line":86,"column":32},"end":{"line":86,"column":112}},"61":{"start":{"line":87,"column":16},"end":{"line":87,"column":64}},"62":{"start":{"line":90,"column":16},"end":{"line":90,"column":48}},"63":{"start":{"line":92,"column":12},"end":{"line":94,"column":13}},"64":{"start":{"line":93,"column":16},"end":{"line":93,"column":75}},"65":{"start":{"line":95,"column":33},"end":{"line":95,"column":35}},"66":{"start":{"line":96,"column":12},"end":{"line":99,"column":13}},"67":{"start":{"line":97,"column":33},"end":{"line":97,"column":77}},"68":{"start":{"line":98,"column":16},"end":{"line":98,"column":67}},"69":{"start":{"line":100,"column":12},"end":{"line":100,"column":41}},"70":{"start":{"line":103,"column":12},"end":{"line":103,"column":20}},"71":{"start":{"line":107,"column":27},"end":{"line":107,"column":36}},"72":{"start":{"line":108,"column":8},"end":{"line":125,"column":9}},"73":{"start":{"line":109,"column":12},"end":{"line":124,"column":13}},"74":{"start":{"line":110,"column":16},"end":{"line":120,"column":17}},"75":{"start":{"line":111,"column":20},"end":{"line":113,"column":23}},"76":{"start":{"line":112,"column":24},"end":{"line":112,"column":60}},"77":{"start":{"line":114,"column":20},"end":{"line":116,"column":23}},"78":{"start":{"line":115,"column":24},"end":{"line":115,"column":96}},"79":{"start":{"line":119,"column":20},"end":{"line":119,"column":89}},"80":{"start":{"line":123,"column":16},"end":{"line":123,"column":80}},"81":{"start":{"line":126,"column":8},"end":{"line":126,"column":28}},"82":{"start":{"line":129,"column":27},"end":{"line":129,"column":36}},"83":{"start":{"line":130,"column":8},"end":{"line":147,"column":9}},"84":{"start":{"line":131,"column":12},"end":{"line":139,"column":13}},"85":{"start":{"line":132,"column":26},"end":{"line":132,"column":67}},"86":{"start":{"line":133,"column":16},"end":{"line":135,"column":17}},"87":{"start":{"line":134,"column":20},"end":{"line":134,"column":40}},"88":{"start":{"line":138,"column":16},"end":{"line":138,"column":76}},"89":{"start":{"line":140,"column":12},"end":{"line":146,"column":13}},"90":{"start":{"line":141,"column":27},"end":{"line":141,"column":65}},"91":{"start":{"line":142,"column":27},"end":{"line":142,"column":53}},"92":{"start":{"line":143,"column":16},"end":{"line":145,"column":17}},"93":{"start":{"line":144,"column":20},"end":{"line":144,"column":40}},"94":{"start":{"line":148,"column":8},"end":{"line":148,"column":28}},"95":{"start":{"line":151,"column":23},"end":{"line":151,"column":36}},"96":{"start":{"line":152,"column":8},"end":{"line":154,"column":9}},"97":{"start":{"line":153,"column":12},"end":{"line":153,"column":31}},"98":{"start":{"line":155,"column":8},"end":{"line":155,"column":24}},"99":{"start":{"line":158,"column":18},"end":{"line":158,"column":20}},"100":{"start":{"line":159,"column":8},"end":{"line":171,"column":9}},"101":{"start":{"line":160,"column":12},"end":{"line":167,"column":13}},"102":{"start":{"line":161,"column":16},"end":{"line":166,"column":17}},"103":{"start":{"line":162,"column":20},"end":{"line":162,"column":41}},"104":{"start":{"line":165,"column":20},"end":{"line":165,"column":91}},"105":{"start":{"line":170,"column":12},"end":{"line":170,"column":29}},"106":{"start":{"line":172,"column":8},"end":{"line":172,"column":19}},"107":{"start":{"line":175,"column":18},"end":{"line":175,"column":20}},"108":{"start":{"line":176,"column":8},"end":{"line":183,"column":9}},"109":{"start":{"line":177,"column":12},"end":{"line":182,"column":13}},"110":{"start":{"line":178,"column":16},"end":{"line":181,"column":17}},"111":{"start":{"line":179,"column":31},"end":{"line":179,"column":46}},"112":{"start":{"line":180,"column":20},"end":{"line":180,"column":38}},"113":{"start":{"line":184,"column":8},"end":{"line":184,"column":19}},"114":{"start":{"line":187,"column":0},"end":{"line":187,"column":24}}},"fnMap":{"0":{"name":"(anonymous_0)","decl":{"start":{"line":12,"column":4},"end":{"line":12,"column":5}},"loc":{"start":{"line":12,"column":33},"end":{"line":105,"column":5}},"line":12},"1":{"name":"(anonymous_1)","decl":{"start":{"line":106,"column":4},"end":{"line":106,"column":5}},"loc":{"start":{"line":106,"column":36},"end":{"line":127,"column":5}},"line":106},"2":{"name":"(anonymous_2)","decl":{"start":{"line":111,"column":41},"end":{"line":111,"column":42}},"loc":{"start":{"line":111,"column":50},"end":{"line":113,"column":21}},"line":111},"3":{"name":"(anonymous_3)","decl":{"start":{"line":114,"column":41},"end":{"line":114,"column":42}},"loc":{"start":{"line":114,"column":50},"end":{"line":116,"column":21}},"line":114},"4":{"name":"(anonymous_4)","decl":{"start":{"line":128,"column":4},"end":{"line":128,"column":5}},"loc":{"start":{"line":128,"column":28},"end":{"line":149,"column":5}},"line":128},"5":{"name":"(anonymous_5)","decl":{"start":{"line":150,"column":4},"end":{"line":150,"column":5}},"loc":{"start":{"line":150,"column":29},"end":{"line":156,"column":5}},"line":150},"6":{"name":"(anonymous_6)","decl":{"start":{"line":157,"column":4},"end":{"line":157,"column":5}},"loc":{"start":{"line":157,"column":27},"end":{"line":173,"column":5}},"line":157},"7":{"name":"(anonymous_7)","decl":{"start":{"line":174,"column":4},"end":{"line":174,"column":5}},"loc":{"start":{"line":174,"column":28},"end":{"line":185,"column":5}},"line":174}},"branchMap":{"0":{"loc":{"start":{"line":17,"column":8},"end":{"line":19,"column":9}},"type":"if","locations":[{"start":{"line":17,"column":8},"end":{"line":19,"column":9}},{"start":{"line":17,"column":8},"end":{"line":19,"column":9}}],"line":17},"1":{"loc":{"start":{"line":20,"column":8},"end":{"line":22,"column":9}},"type":"if","locations":[{"start":{"line":20,"column":8},"end":{"line":22,"column":9}},{"start":{"line":20,"column":8},"end":{"line":22,"column":9}}],"line":20},"2":{"loc":{"start":{"line":20,"column":12},"end":{"line":20,"column":82}},"type":"binary-expr","locations":[{"start":{"line":20,"column":12},"end":{"line":20,"column":45}},{"start":{"line":20,"column":49},"end":{"line":20,"column":82}}],"line":20},"3":{"loc":{"start":{"line":27,"column":12},"end":{"line":29,"column":13}},"type":"if","locations":[{"start":{"line":27,"column":12},"end":{"line":29,"column":13}},{"start":{"line":27,"column":12},"end":{"line":29,"column":13}}],"line":27},"4":{"loc":{"start":{"line":35,"column":8},"end":{"line":37,"column":9}},"type":"if","locations":[{"start":{"line":35,"column":8},"end":{"line":37,"column":9}},{"start":{"line":35,"column":8},"end":{"line":37,"column":9}}],"line":35},"5":{"loc":{"start":{"line":38,"column":8},"end":{"line":40,"column":9}},"type":"if","locations":[{"start":{"line":38,"column":8},"end":{"line":40,"column":9}},{"start":{"line":38,"column":8},"end":{"line":40,"column":9}}],"line":38},"6":{"loc":{"start":{"line":43,"column":8},"end":{"line":45,"column":9}},"type":"if","locations":[{"start":{"line":43,"column":8},"end":{"line":45,"column":9}},{"start":{"line":43,"column":8},"end":{"line":45,"column":9}}],"line":43},"7":{"loc":{"start":{"line":46,"column":8},"end":{"line":48,"column":9}},"type":"if","locations":[{"start":{"line":46,"column":8},"end":{"line":48,"column":9}},{"start":{"line":46,"column":8},"end":{"line":48,"column":9}}],"line":46},"8":{"loc":{"start":{"line":50,"column":8},"end":{"line":73,"column":9}},"type":"if","locations":[{"start":{"line":50,"column":8},"end":{"line":73,"column":9}},{"start":{"line":50,"column":8},"end":{"line":73,"column":9}}],"line":50},"9":{"loc":{"start":{"line":53,"column":13},"end":{"line":73,"column":9}},"type":"if","locations":[{"start":{"line":53,"column":13},"end":{"line":73,"column":9}},{"start":{"line":53,"column":13},"end":{"line":73,"column":9}}],"line":53},"10":{"loc":{"start":{"line":56,"column":13},"end":{"line":73,"column":9}},"type":"if","locations":[{"start":{"line":56,"column":13},"end":{"line":73,"column":9}},{"start":{"line":56,"column":13},"end":{"line":73,"column":9}}],"line":56},"11":{"loc":{"start":{"line":59,"column":13},"end":{"line":73,"column":9}},"type":"if","locations":[{"start":{"line":59,"column":13},"end":{"line":73,"column":9}},{"start":{"line":59,"column":13},"end":{"line":73,"column":9}}],"line":59},"12":{"loc":{"start":{"line":62,"column":13},"end":{"line":73,"column":9}},"type":"if","locations":[{"start":{"line":62,"column":13},"end":{"line":73,"column":9}},{"start":{"line":62,"column":13},"end":{"line":73,"column":9}}],"line":62},"13":{"loc":{"start":{"line":65,"column":13},"end":{"line":73,"column":9}},"type":"if","locations":[{"start":{"line":65,"column":13},"end":{"line":73,"column":9}},{"start":{"line":65,"column":13},"end":{"line":73,"column":9}}],"line":65},"14":{"loc":{"start":{"line":68,"column":13},"end":{"line":73,"column":9}},"type":"if","locations":[{"start":{"line":68,"column":13},"end":{"line":73,"column":9}},{"start":{"line":68,"column":13},"end":{"line":73,"column":9}}],"line":68},"15":{"loc":{"start":{"line":79,"column":12},"end":{"line":84,"column":13}},"type":"if","locations":[{"start":{"line":79,"column":12},"end":{"line":84,"column":13}},{"start":{"line":79,"column":12},"end":{"line":84,"column":13}}],"line":79},"16":{"loc":{"start":{"line":85,"column":12},"end":{"line":91,"column":13}},"type":"if","locations":[{"start":{"line":85,"column":12},"end":{"line":91,"column":13}},{"start":{"line":85,"column":12},"end":{"line":91,"column":13}}],"line":85},"17":{"loc":{"start":{"line":92,"column":12},"end":{"line":94,"column":13}},"type":"if","locations":[{"start":{"line":92,"column":12},"end":{"line":94,"column":13}},{"start":{"line":92,"column":12},"end":{"line":94,"column":13}}],"line":92},"18":{"loc":{"start":{"line":96,"column":12},"end":{"line":99,"column":13}},"type":"if","locations":[{"start":{"line":96,"column":12},"end":{"line":99,"column":13}},{"start":{"line":96,"column":12},"end":{"line":99,"column":13}}],"line":96},"19":{"loc":{"start":{"line":108,"column":8},"end":{"line":125,"column":9}},"type":"if","locations":[{"start":{"line":108,"column":8},"end":{"line":125,"column":9}},{"start":{"line":108,"column":8},"end":{"line":125,"column":9}}],"line":108},"20":{"loc":{"start":{"line":109,"column":12},"end":{"line":124,"column":13}},"type":"if","locations":[{"start":{"line":109,"column":12},"end":{"line":124,"column":13}},{"start":{"line":109,"column":12},"end":{"line":124,"column":13}}],"line":109},"21":{"loc":{"start":{"line":109,"column":16},"end":{"line":109,"column":74}},"type":"binary-expr","locations":[{"start":{"line":109,"column":16},"end":{"line":109,"column":43}},{"start":{"line":109,"column":47},"end":{"line":109,"column":74}}],"line":109},"22":{"loc":{"start":{"line":110,"column":16},"end":{"line":120,"column":17}},"type":"if","locations":[{"start":{"line":110,"column":16},"end":{"line":120,"column":17}},{"start":{"line":110,"column":16},"end":{"line":120,"column":17}}],"line":110},"23":{"loc":{"start":{"line":130,"column":8},"end":{"line":147,"column":9}},"type":"if","locations":[{"start":{"line":130,"column":8},"end":{"line":147,"column":9}},{"start":{"line":130,"column":8},"end":{"line":147,"column":9}}],"line":130},"24":{"loc":{"start":{"line":131,"column":12},"end":{"line":139,"column":13}},"type":"if","locations":[{"start":{"line":131,"column":12},"end":{"line":139,"column":13}},{"start":{"line":131,"column":12},"end":{"line":139,"column":13}}],"line":131},"25":{"loc":{"start":{"line":140,"column":12},"end":{"line":146,"column":13}},"type":"if","locations":[{"start":{"line":140,"column":12},"end":{"line":146,"column":13}},{"start":{"line":140,"column":12},"end":{"line":146,"column":13}}],"line":140},"26":{"loc":{"start":{"line":159,"column":8},"end":{"line":171,"column":9}},"type":"if","locations":[{"start":{"line":159,"column":8},"end":{"line":171,"column":9}},{"start":{"line":159,"column":8},"end":{"line":171,"column":9}}],"line":159},"27":{"loc":{"start":{"line":160,"column":12},"end":{"line":167,"column":13}},"type":"if","locations":[{"start":{"line":160,"column":12},"end":{"line":167,"column":13}},{"start":{"line":160,"column":12},"end":{"line":167,"column":13}}],"line":160},"28":{"loc":{"start":{"line":161,"column":16},"end":{"line":166,"column":17}},"type":"if","locations":[{"start":{"line":161,"column":16},"end":{"line":166,"column":17}},{"start":{"line":161,"column":16},"end":{"line":166,"column":17}}],"line":161},"29":{"loc":{"start":{"line":176,"column":8},"end":{"line":183,"column":9}},"type":"if","locations":[{"start":{"line":176,"column":8},"end":{"line":183,"column":9}},{"start":{"line":176,"column":8},"end":{"line":183,"column":9}}],"line":176},"30":{"loc":{"start":{"line":178,"column":16},"end":{"line":181,"column":17}},"type":"if","locations":[{"start":{"line":178,"column":16},"end":{"line":181,"column":17}},{"start":{"line":178,"column":16},"end":{"line":181,"column":17}}],"line":178}},"s":{"0":1,"1":1,"2":1,"3":1,"4":1,"5":1,"6":1,"7":1,"8":1,"9":0,"10":0,"11":0,"12":0,"13":0,"14":0,"15":0,"16":0,"17":0,"18":0,"19":0,"20":0,"21":0,"22":0,"23":0,"24":0,"25":0,"26":0,"27":0,"28":0,"29":0,"30":0,"31":0,"32":0,"33":0,"34":0,"35":0,"36":0,"37":0,"38":0,"39":0,"40":0,"41":0,"42":0,"43":0,"44":0,"45":0,"46":0,"47":0,"48":0,"49":0,"50":0,"51":0,"52":0,"53":0,"54":0,"55":0,"56":0,"57":0,"58":0,"59":0,"60":0,"61":0,"62":0,"63":0,"64":0,"65":0,"66":0,"67":0,"68":0,"69":0,"70":0,"71":0,"72":0,"73":0,"74":0,"75":0,"76":0,"77":0,"78":0,"79":0,"80":0,"81":0,"82":0,"83":0,"84":0,"85":0,"86":0,"87":0,"88":0,"89":0,"90":0,"91":0,"92":0,"93":0,"94":0,"95":0,"96":0,"97":0,"98":0,"99":0,"100":0,"101":0,"102":0,"103":0,"104":0,"105":0,"106":0,"107":0,"108":0,"109":0,"110":0,"111":0,"112":0,"113":0,"114":1},"f":{"0":0,"1":0,"2":0,"3":0,"4":0,"5":0,"6":0,"7":0},"b":{"0":[0,0],"1":[0,0],"2":[0,0],"3":[0,0],"4":[0,0],"5":[0,0],"6":[0,0],"7":[0,0],"8":[0,0],"9":[0,0],"10":[0,0],"11":[0,0],"12":[0,0],"13":[0,0],"14":[0,0],"15":[0,0],"16":[0,0],"17":[0,0],"18":[0,0],"19":[0,0],"20":[0,0],"21":[0,0],"22":[0,0],"23":[0,0],"24":[0,0],"25":[0,0],"26":[0,0],"27":[0,0],"28":[0,0],"29":[0,0],"30":[0,0]},"_coverageSchema":"332fd63041d2c1bcb487cc26dd0d5f7d97098a6c","hash":"a1479e10c2cf01f44d6ba684f9ead5482e2022f9","contentHash":"6d0e78c2ac60ad07a04844a709bcd7f1_11.3.0"},"C:\\Users\\billz\\WebstormProjects\\project_team267\\src\\controller\\LogicComparison.js":{"path":"C:\\Users\\billz\\WebstormProjects\\project_team267\\src\\controller\\LogicComparison.js","statementMap":{"0":{"start":{"line":2,"column":0},"end":{"line":2,"column":62}},"1":{"start":{"line":3,"column":17},"end":{"line":3,"column":36}},"2":{"start":{"line":4,"column":25},"end":{"line":4,"column":52}},"3":{"start":{"line":5,"column":22},"end":{"line":5,"column":46}},"4":{"start":{"line":6,"column":22},"end":{"line":6,"column":46}},"5":{"start":{"line":7,"column":19},"end":{"line":7,"column":40}},"6":{"start":{"line":10,"column":8},"end":{"line":10,"column":28}},"7":{"start":{"line":11,"column":8},"end":{"line":13,"column":9}},"8":{"start":{"line":12,"column":12},"end":{"line":12,"column":90}},"9":{"start":{"line":14,"column":8},"end":{"line":14,"column":32}},"10":{"start":{"line":15,"column":8},"end":{"line":43,"column":9}},"11":{"start":{"line":16,"column":12},"end":{"line":18,"column":13}},"12":{"start":{"line":17,"column":16},"end":{"line":17,"column":91}},"13":{"start":{"line":19,"column":12},"end":{"line":42,"column":13}},"14":{"start":{"line":20,"column":16},"end":{"line":20,"column":82}},"15":{"start":{"line":22,"column":17},"end":{"line":42,"column":13}},"16":{"start":{"line":23,"column":16},"end":{"line":23,"column":80}},"17":{"start":{"line":25,"column":17},"end":{"line":42,"column":13}},"18":{"start":{"line":26,"column":16},"end":{"line":26,"column":86}},"19":{"start":{"line":28,"column":17},"end":{"line":42,"column":13}},"20":{"start":{"line":29,"column":16},"end":{"line":29,"column":86}},"21":{"start":{"line":31,"column":17},"end":{"line":42,"column":13}},"22":{"start":{"line":32,"column":16},"end":{"line":32,"column":86}},"23":{"start":{"line":34,"column":17},"end":{"line":42,"column":13}},"24":{"start":{"line":35,"column":16},"end":{"line":35,"column":86}},"25":{"start":{"line":37,"column":17},"end":{"line":42,"column":13}},"26":{"start":{"line":38,"column":16},"end":{"line":38,"column":85}},"27":{"start":{"line":41,"column":16},"end":{"line":41,"column":73}},"28":{"start":{"line":46,"column":8},"end":{"line":66,"column":9}},"29":{"start":{"line":47,"column":12},"end":{"line":61,"column":13}},"30":{"start":{"line":48,"column":40},"end":{"line":48,"column":42}},"31":{"start":{"line":49,"column":16},"end":{"line":51,"column":19}},"32":{"start":{"line":50,"column":20},"end":{"line":50,"column":80}},"33":{"start":{"line":52,"column":16},"end":{"line":56,"column":17}},"34":{"start":{"line":53,"column":20},"end":{"line":55,"column":21}},"35":{"start":{"line":54,"column":24},"end":{"line":54,"column":85}},"36":{"start":{"line":54,"column":66},"end":{"line":54,"column":83}},"37":{"start":{"line":57,"column":16},"end":{"line":60,"column":17}},"38":{"start":{"line":58,"column":20},"end":{"line":58,"column":37}},"39":{"start":{"line":59,"column":20},"end":{"line":59,"column":95}},"40":{"start":{"line":62,"column":12},"end":{"line":62,"column":31}},"41":{"start":{"line":65,"column":12},"end":{"line":65,"column":55}},"42":{"start":{"line":69,"column":8},"end":{"line":74,"column":9}},"43":{"start":{"line":70,"column":12},"end":{"line":70,"column":78}},"44":{"start":{"line":73,"column":12},"end":{"line":73,"column":24}},"45":{"start":{"line":77,"column":8},"end":{"line":83,"column":9}},"46":{"start":{"line":78,"column":12},"end":{"line":82,"column":13}},"47":{"start":{"line":79,"column":16},"end":{"line":81,"column":17}},"48":{"start":{"line":80,"column":20},"end":{"line":80,"column":42}},"49":{"start":{"line":84,"column":8},"end":{"line":84,"column":27}},"50":{"start":{"line":87,"column":0},"end":{"line":87,"column":34}}},"fnMap":{"0":{"name":"(anonymous_0)","decl":{"start":{"line":9,"column":4},"end":{"line":9,"column":5}},"loc":{"start":{"line":9,"column":30},"end":{"line":44,"column":5}},"line":9},"1":{"name":"(anonymous_1)","decl":{"start":{"line":45,"column":4},"end":{"line":45,"column":5}},"loc":{"start":{"line":45,"column":33},"end":{"line":67,"column":5}},"line":45},"2":{"name":"(anonymous_2)","decl":{"start":{"line":49,"column":43},"end":{"line":49,"column":44}},"loc":{"start":{"line":49,"column":55},"end":{"line":51,"column":17}},"line":49},"3":{"name":"(anonymous_3)","decl":{"start":{"line":54,"column":57},"end":{"line":54,"column":58}},"loc":{"start":{"line":54,"column":66},"end":{"line":54,"column":83}},"line":54},"4":{"name":"(anonymous_4)","decl":{"start":{"line":68,"column":4},"end":{"line":68,"column":5}},"loc":{"start":{"line":68,"column":14},"end":{"line":75,"column":5}},"line":68},"5":{"name":"(anonymous_5)","decl":{"start":{"line":76,"column":4},"end":{"line":76,"column":5}},"loc":{"start":{"line":76,"column":51},"end":{"line":85,"column":5}},"line":76}},"branchMap":{"0":{"loc":{"start":{"line":11,"column":8},"end":{"line":13,"column":9}},"type":"if","locations":[{"s
[...]
531c69d9c2070f44e5bc9e936893095be8df","contentHash":"44bef788bfbcae428198c941dc1fc753_11.3.0"},"C:\\Users\\billz\\WebstormProjects\\project_team267\\src\\controller\\DataHelpers.js":{"path":"C:\\Users\\billz\\WebstormProjects\\project_team267\\src\\controller\\DataHelpers.js","statementMap":{"0":{"start":{"line":2,"column":0},"end":{"line":2,"column":62}},"1":{"start":{"line":3,"column":18},"end":{"line":3,"column":38}},"2":{"start":{"line":4,"column":15},"end":{"line":4,"column":33}},"3":{"start":{"line":5,"column":19},"end":{"line":5,"column":40}},"4":{"start":{"line":6,"column":25},"end":{"line":6,"column":52}},"5":{"start":{"line":8,"column":4},"end":{"line":17,"column":5}},"6":{"start":{"line":12,"column":8},"end":{"line":14,"column":9}},"7":{"start":{"line":13,"column":12},"end":{"line":13,"column":32}},"8":{"start":{"line":15,"column":28},"end":{"line":15,"column":321}},"9":{"start":{"line":16,"column":8},"end":{"line":16,"column":29}},"10":{"start":{"line":18,"column":4},"end":{"line":18,"column":16}},"11":{"start":{"line":21,"column":4},"end":{"line":30,"column":7}},"12":{"start":{"line":22,"column":8},"end":{"line":29,"column":9}},"13":{"start":{"line":23,"column":12},"end":{"line":28,"column":13}},"14":{"start":{"line":24,"column":33},"end":{"line":24,"column":60}},"15":{"start":{"line":25,"column":16},"end":{"line":27,"column":17}},"16":{"start":{"line":26,"column":20},"end":{"line":26,"column":54}},"17":{"start":{"line":32,"column":0},"end":{"line":32,"column":48}},"18":{"start":{"line":34,"column":4},"end":{"line":35,"column":72}},"19":{"start":{"line":37,"column":0},"end":{"line":37,"column":30}},"20":{"start":{"line":39,"column":4},"end":{"line":48,"column":5}},"21":{"start":{"line":40,"column":8},"end":{"line":40,"column":33}},"22":{"start":{"line":43,"column":8},"end":{"line":47,"column":9}},"23":{"start":{"line":44,"column":12},"end":{"line":46,"column":15}},"24":{"start":{"line":45,"column":16},"end":{"line":45,"column":49}},"25":{"start":{"line":50,"column":0},"end":{"line":50,"column":26}},"26":{"start":{"line":52,"column":24},"end":{"line":52,"column":26}},"27":{"start":{"line":53,"column":4},"end":{"line":69,"column":5}},"28":{"start":{"line":54,"column":8},"end":{"line":68,"column":9}},"29":{"start":{"line":55,"column":34},"end":{"line":66,"column":14}},"30":{"start":{"line":57,"column":16},"end":{"line":62,"column":17}},"31":{"start":{"line":58,"column":20},"end":{"line":58,"column":50}},"32":{"start":{"line":61,"column":20},"end":{"line":61,"column":32}},"33":{"start":{"line":65,"column":16},"end":{"line":65,"column":45}},"34":{"start":{"line":67,"column":12},"end":{"line":67,"column":48}},"35":{"start":{"line":70,"column":4},"end":{"line":70,"column":25}},"36":{"start":{"line":72,"column":0},"end":{"line":72,"column":56}},"37":{"start":{"line":74,"column":24},"end":{"line":74,"column":26}},"38":{"start":{"line":75,"column":4},"end":{"line":85,"column":7}},"39":{"start":{"line":76,"column":23},"end":{"line":76,"column":56}},"40":{"start":{"line":77,"column":8},"end":{"line":84,"column":9}},"41":{"start":{"line":78,"column":34},"end":{"line":82,"column":14}},"42":{"start":{"line":79,"column":16},"end":{"line":79,"column":45}},"43":{"start":{"line":81,"column":16},"end":{"line":81,"column":61}},"44":{"start":{"line":83,"column":12},"end":{"line":83,"column":48}},"45":{"start":{"line":86,"column":4},"end":{"line":86,"column":25}},"46":{"start":{"line":88,"column":0},"end":{"line":88,"column":64}},"47":{"start":{"line":90,"column":22},"end":{"line":90,"column":24}},"48":{"start":{"line":91,"column":4},"end":{"line":91,"column":40}},"49":{"start":{"line":92,"column":4},"end":{"line":92,"column":23}},"50":{"start":{"line":94,"column":0},"end":{"line":94,"column":38}},"51":{"start":{"line":96,"column":20},"end":{"line":98,"column":6}},"52":{"start":{"line":97,"column":8},"end":{"line":97,"column":41}},"53":{"start":{"line":99,"column":20},"end":{"line":99,"column":22}},"54":{"start":{"line":100,"column":4},"end":{"line":100,"column":40}},"55":{"start":{"line":101,"column":20},"end":{"line":101,"column":22}},"56":{"start":{"line":102,"column":4},"end":{"line":133,"column":5}},"57":{"start":{"line":103,"column":8},"end":{"line":129,"column":11}},"58":{"start":{"line":105,"column":12},"end":{"line":105,"column":48}},"59":{"start":{"line":106,"column":27},"end":{"line":106,"column":29}},"60":{"start":{"line":107,"column":12},"end":{"line":107,"column":41}},"61":{"start":{"line":108,"column":12},"end":{"line":125,"column":15}},"62":{"start":{"line":109,"column":16},"end":{"line":124,"column":17}},"63":{"start":{"line":110,"column":20},"end":{"line":110,"column":71}},"64":{"start":{"line":112,"column":21},"end":{"line":124,"column":17}},"65":{"start":{"line":113,"column":20},"end":{"line":113,"column":69}},"66":{"start":{"line":115,"column":21},"end":{"line":124,"column":17}},"67":{"start":{"line":116,"column":28},"end":{"line":118,"column":22}},"68":{"start":{"line":117,"column":24},"end":{"line":117,"column":53}},"69":{"start":{"line":119,"column":20},"end":{"line":119,"column":69}},"70":{"start":{"line":120,"column":31},"end":{"line":122,"column":22}},"71":{"start":{"line":121,"column":24},"end":{"line":121,"column":52}},"72":{"start":{"line":123,"column":20},"end":{"line":123,"column":54}},"73":{"start":{"line":126,"column":12},"end":{"line":128,"column":13}},"74":{"start":{"line":127,"column":16},"end":{"line":127,"column":41}},"75":{"start":{"line":132,"column":8},"end":{"line":132,"column":51}},"76":{"start":{"line":134,"column":4},"end":{"line":134,"column":21}},"77":{"start":{"line":136,"column":0},"end":{"line":136,"column":36}},"78":{"start":{"line":138,"column":17},"end":{"line":138,"column":32}},"79":{"start":{"line":139,"column":14},"end":{"line":140,"column":35}},"80":{"start":{"line":141,"column":4},"end":{"line":153,"column":7}},"81":{"start":{"line":142,"column":8},"end":{"line":152,"column":11}},"82":{"start":{"line":143,"column":23},"end":{"line":143,"column":25}},"83":{"start":{"line":144,"column":12},"end":{"line":146,"column":15}},"84":{"start":{"line":145,"column":16},"end":{"line":145,"column":30}},"85":{"start":{"line":147,"column":12},"end":{"line":149,"column":15}},"86":{"start":{"line":148,"column":16},"end":{"line":148,"column":42}},"87":{"start":{"line":151,"column":12},"end":{"line":151,"column":57}},"88":{"start":{"line":155,"column":0},"end":{"line":155,"column":30}},"89":{"start":{"line":157,"column":4},"end":{"line":157,"column":38}},"90":{"start":{"line":158,"column":4},"end":{"line":158,"column":40}},"91":{"start":{"line":159,"column":4},"end":{"line":159,"column":36}},"92":{"start":{"line":160,"column":4},"end":{"line":160,"column":28}},"93":{"start":{"line":161,"column":4},"end":{"line":161,"column":28}},"94":{"start":{"line":163,"column":0},"end":{"line":163,"column":56}},"95":{"start":{"line":165,"column":4},"end":{"line":175,"column":35}},"96":{"start":{"line":177,"column":0},"end":{"line":177,"column":34}}},"fnMap":{"0":{"name":"createValidSection","decl":{"start":{"line":7,"column":9},"end":{"line":7,"column":27}},"loc":{"start":{"line":7,"column":37},"end":{"line":19,"column":1}},"line":7},"1":{"name":"addSectionsDataset","decl":{"start":{"line":20,"column":9},"end":{"line":20,"column":27}},"loc":{"start":{"line":20,"column":52},"end":{"line":31,"column":1}},"line":20},"2":{"name":"(anonymous_2)","decl":{"start":{"line":21,"column":22},"end":{"line":21,"column":23}},"loc":{"start":{"line":21,"column":36},"end":{"line":30,"column":5}},"line":21},"3":{"name":"isIDValid","decl":{"start":{"line":33,"column":9},"end":{"line":33,"column":18}},"loc":{"start":{"line":33,"column":23},"end":{"line":36,"column":1}},"line":33},"4":{"name":"findTag","decl":{"start":{"line":38,"column":9},"end":{"line":38,"column":16}},"loc":{"start":{"line":38,"column":43},"end":{"line":49,"column":1}},"line":38},"5":{"name":"(anonymous_5)","decl":{"start":{"line":44,"column":38},"end":{"line":44,"column":39}},"loc":{"start":{"line":44,"column":49},"end":{"line":46,"column":13}},"line":44},"6":{"name":"createFileReadPromises","decl":{"start":{"line":51,"column":9},"end":{"line":51,"column":31}},"loc":{"start":{"line":51,"column":38},"end":{"line":71,"column":1}},"line":51},"7":{"name":"(anonymous_7)","decl":{"start":{"line":56,"column":22},"end":{"line":56,"column":23}},"loc":{"start":{"line":56,"column":38},"end":{"line":63,"column":13}},"line":56},"8":{"name":"(anonymous_8)","decl":{"start":{"line":64,"column":23},"end":{"line":64,"column":24}},"loc":{"start":{"line":64,"column":35},"end":{"line":66,"column":13}},"line":64},"9":{"name":"createBuildingReadPromises","decl":{"start":{"line":73,"column":9},"end":{"line":73,"column":35}},"loc":{"start":{"line":73,"column":53},"end":{"line":87,"column":1}},"line":73},"10":{"name":"(anonymous_10)","decl":{"start":{"line":75,"column":22},"end":{"line":75,"column":23}},"loc":{"start":{"line":75,"column":36},"end":{"line":85,"column":5}},"line":75},"11":{"name":"(anonymous_11)","decl":{"start":{"line":78,"column":74},"end":{"line":78,"column":75}},"loc":{"start":{"line":78,"column":92},"end":{"line":80,"column":13}},"line":78},"12":{"name":"(anonymous_12)","decl":{"start":{"line":80,"column":21},"end":{"line":80,"column":22}},"loc":{"start":{"line":80,"column":30},"end":{"line":82,"column":13}},"line":80},"13":{"name":"findTableBody","decl":{"start":{"line":89,"column":9},"end":{"line":89,"column":22}},"loc":{"start":{"line":89,"column":29},"end":{"line":93,"column":1}},"line":89},"14":{"name":"exploreTable","decl":{"start":{"line":95,"column":9},"end":{"line":95,"column":21}},"loc":{"start":{"line":95,"column":29},"end":{"line":135,"column":1}},"line":95},"15":{"name":"(anonymous_15)","decl":{"start":{"line":96,"column":42},"end":{"line":96,"column":43}},"loc":{"start":{"line":96,"column":52},"end":{"line":98,"column":5}},"line":96},"16":{"name":"(anonymous_16)","decl":{"start":{"line":103,"column":26},"end":{"line":103,"column":27}},"loc":{"start":{"line":103,"column":35},"end":{"line":129,"column":9}},"line":103},"17":{"name":"(anonymous_17)","decl":{"start":{"line":108,"column":29},"end":{"line":108,"column":30}},"loc":{"start":{"line":108,"column":37},"end":{"line":125,"column":13}},"line":108},"18":{"name":"(anonymous_18)","decl":{"start":{"line":116,"column":47},"end":{"line":116,"column":48}},"loc":{"start":{"line":116,"column":57},"end":{"line":118,"column":21}},"line":116},"19":{"name":"(anonymous_19)","decl":{"start":{"line":120,"column":44},"end":{"line":120,"column":45}},"loc":{"start":{"line":120,"column":54},"end":{"line":122,"column":21}},"line":120},"20":{"name":"getLatLon","decl":{"start":{"line":137,"column":9},"end":{"line":137,"column":18}},"loc":{"start":{"line":137,"column":28},"end":{"line":154,"column":1}},"line":137},"21":{"name":"(anonymous_21)","decl":{"start":{"line":141,"column":23},"end":{"line":141,"column":24}},"loc":{"start":{"line":141,"column":44},"end":{"line":153,"column":5}},"line":141},"22":{"name":"(anonymous_22)","decl":{"start":{"line":142,"column":22},"end":{"line":142,"column":23}},"loc":{"start":{"line":142,"column":37},"end":{"line":150,"column":9}},"line":142},"23":{"name":"(anonymous_23)","decl":{"start":{"line":144,"column":27},"end":{"line":144,"column":28}},"loc":{"start":{"line":144,"column":44},"end":{"line":146,"column":13}},"line":144},"24":{"name":"(anonymous_24)","decl":{"start":{"line":147,"column":26},"end":{"line":147,"column":27}},"loc":{"start":{"line":147,"column":38},"end":{"line":149,"column":13}},"line":147},"25":{"name":"(anonymous_25)","decl":{"start":{"line":150,"column":23},"end":{"line":150,"column":24}},"loc":{"start":{"line":150,"column":36},"end":{"line":152,"column":9}},"line":150},"26":{"name":"assignBuildingDataRoom","decl":{"start":{"line":156,"column":9},"end":{"line":156,"column":31}},"loc":{"start":{"line":156,"column":48},"end":{"line":162,"column":1}},"line":156},"27":{"name":"roomDefined","decl":{"start":{"line":164,"column":9},"end":{"line":164,"column":20}},"loc":{"start":{"line":164,"column":27},"end":{"line":176,"column":1}},"line":164}},"branchMap":{"0":{"loc":{"start":{"line":8,"column":4},"end":{"line":17,"column":5}},"type":"if","locations":[{"start":{"line":8,"column":4},"end":{"line":17,"column":5}},{"start":{"line":8,"column":4},"end":{"line":17,"column":5}}],"line":8},"1":{"loc":{"start":{"line":8,"column":8},"end":{"line":11,"column":65}},"type":"binary-expr","locations":[{"start":{"line":8,"column":8},"end":{"line":8,"column":37}},{"start":{"line":8,"column":41},"end":{"line":8,"column":69}},{"start":{"line":9,"column":8},"end":{"line":9,"column":33}},{"start":{"line":9,"column":37},"end":{"line":9,"column":68}},{"start":{"line":9,"column":72},"end":{"line":9,"column":99}},{"start":{"line":10,"column":11},"end":{"line":10,"column":37}},{"start":{"line":10,"column":41},"end":{"line":10,"column":67}},{"start":{"line":10,"column":71},"end":{"line":10,"column":98}},{"start":{"line":11,"column":11},"end":{"line":11,"column":35}},{"start":{"line":11,"column":39},"end":{"line":11,"column":65}}],"line":8},"2":{"loc":{"start":{"line":12,"column":8},"end":{"line":14,"column":9}},"type":"if","locations":[{"start":{"line":12,"column":8},"end":{"line":14,"column":9}},{"start":{"line":12,"column":8},"end":{"line":14,"column":9}}],"line":12},"3":{"loc":{"start":{"line":22,"column":8},"end":{"line":29,"column":9}},"type":"if","locations":[{"start":{"line":22,"column":8},"end":{"line":29,"column":9}},{"start":{"line":22,"column":8},"end":{"line":29,"column":9}}],"line":22},"4":{"loc":{"start":{"line":25,"column":16},"end":{"line":27,"column":17}},"type":"if","locations":[{"start":{"line":25,"column":16},"end":{"line":27,"column":17}},{"start":{"line":25,"column":16},"end":{"line":27,"column":17}}],"line":25},"5":{"loc":{"start":{"line":34,"column":13},"end":{"line":35,"column":70}},"type":"binary-expr","locations":[{"start":{"line":34,"column":13},"end":{"line":34,"column":29}},{"start":{"line":34,"column":33},"end":{"line":34,"column":44}},{"start":{"line":35,"column":8},"end":{"line":35,"column":24}},{"start":{"line":35,"column":28},"end":{"line":35,"column":37}},{"start":{"line":35,"column":41},"end":{"line":35,"column":70}}],"line":34},"6":{"loc":{"start":{"line":39,"column":4},"end":{"line":48,"column":5}},"type":"if","locations":[{"start":{"line":39,"column":4},"end":{"line":48,"column":5}},{"start":{"line":39,"column":4},"end":{"line":48,"column":5}}],"line":39},"7":{"loc":{"start":{"line":43,"column":8},"end":{"line":47,"column":9}},"type":"if","locations":[{"start":{"line":43,"column":8},"end":{"line":47,"column":9}},{"start":{"line":43,"column":8},"end":{"line":47,"column":9}}],"line":43},"8":{"loc":{"start":{"line":54,"column":8},"end":{"line":68,"column":9}},"type":"if","locations":[{"start":{"line":54,"column":8},"end":{"line":68,"column":9}},{"start":{"line":54,"column":8},"end":{"line":68,"column":9}}],"line":54},"9":{"loc":{"start":{"line":54,"column":12},"end":{"line":54,"column":82}},"type":"binary-expr","locations":[{"start":{"line":54,"column":12},"end":{"line":54,"column":43}},{"start":{"line":54,"column":47},"end":{"line":54,"column":82}}],"line":54},"10":{"loc":{"start":{"line":77,"column":8},"end":{"line":84,"column":9}},"type":"if","locations":[{"start":{"line":77,"column":8},"end":{"line":84,"column":9}},{"start":{"line":77,"column":8},"end":{"line":84,"column":9}}],"line":77},"11":{"loc":{"start":{"line":109,"column":16},"end":{"line":124,"column":17}},"type":"if","locations":[{"start":{"line":109,"column":16},"end":{"line":124,"column":17}},{"start":{"line":109,"column":16},"end":{"line":124,"column":17}}],"line":109},"12":{"loc":{"start":{"line":112,"column":21},"end":{"line":124,"column":17}},"type":"if","locations":[{"start":{"line":112,"column":21},"end":{"line":124,"column":17}},{"start":{"line":112,"column":21},"end":{"line":124,"column":17}}],"line":112},"13":{"loc":{"start":{"line":115,"column":21},"end":{"line":124,"column":17}},"type":"if","locations":[{"start":{"line":115,"column":21},"end":{"line":124,"column":17}},{"start":{"line":115,"column":21},"end":{"line":124,"column":17}}],"line":115},"14":{"loc":{"start":{"line":126,"column":12},"end":{"line":128,"column":13}},"type":"if","locations":[{"start":{"line":126,"column":12},"end":{"line":128,"column":13}},{"start":{"line":126,"column":12},"end":{"line":128,"column":13}}],"line":126},"15":{"loc":{"start":{"line":165,"column":11},"end":{"line":175,"column":34}},"type":"binary-expr","locations":[{"start":{"line":165,"column":11},"end":{"line":165,"column":38}},{"start":{"line":166,"column":11},"end":{"line":166,"column":39}},{"start":{"line":167,"column":11},"end":{"line":167,"column":36}},{"start":{"line":168,"column":11},"end":{"line":168,"column":34}},{"start":{"line":169,"column":11},"end":{"line":169,"column":37}},{"start":{"line":170,"column":11},"end":{"line":170,"column":33}},{"start":{"line":171,"column":11},"end":{"line":171,"column":33}},{"start":{"line":172,"column":11},"end":{"line":172,"column":35}},{"start":{"line":173,"column":11},"end":{"line":173,"column":34}},{"start":{"line":174,"column":11},"end":{"line":174,"column":39}},{"start":{"line":175,"column":11},"end":{"line":175,"column":34}}],"line":165}},"s":{"0":1,"1":1,"2":1,"3":1,"4":1,"5":64612,"6":64612,"7":24621,"8":64612,"9":64612,"10":0,"11":1,"12":5944,"13":5944,"14":64612,"15":64612,"16":64612,"17":1,"18":2,"19":1,"20":137247,"21":2673,"22":134574,"23":68475,"24":136689,"25":1,"26":1,"27":1,"28":5945,"29":5944,"30":5944,"31":5944,"32":0,"33":0,"34":5944,"35":1,"36":1,"37":1,"38":1,"39":74,"40":74,"41":74,"42":74,"43":0,"44":74,"45":1,"46":1,"47":1,"48":1,"49":1,"50":1,"51":1,"52":4,"53":1,"54":1,"55":1,"56":1,"57":1,"58":74,"59":74,"60":74,"61":74,"62":370,"63":74,"64":296,"65":74,"66":222,"67":74,"68":148,"69":74,"70":74,"71":74,"72":74,"73":74,"74":74,"75":0,"76":1,"77":1,"78":74,"79":74,"80":74,"81":74,"82":74,"83":74,"84":74,"85":74,"86":74,"87":0,"88":1,"89":364,"90":364,"91":364,"92":364,"93":364,"94":1,"95":364,"96":1},"f":{"0":64612,"1":1,"2":5944,"3":2,"4":137247,"5":136689,"6":1,"7":5944,"8":0,"9":1,"10":74,"11":74,"12":0,"13":1,"14":1,"15":4,"16":74,"17":370,"18":148,"19":74,"20":74,"21":74,"22":74,"23":74,"24":74,"25":0,"26":364,"27":364},"b":{"0":[64612,0],"1":[64612,64612,64612,64612,64612,64612,64612,64612,64612,64612],"2":[24621,39991],"3":[5944,0],"4":[64612,0],"5":[2,2,2,2,2],"6":[2673,134574],"7":[68475,66099],"8":[5944,1],"9":[5945,5944],"10":[74,0],"11":[74,296],"12":[74,222],"13":[74,148],"14":[74,0],"15":[364,364,364,364,364,364,364,364,364,364,364]},"_coverageSchema":"332fd63041d2c1bcb487cc26dd0d5f7d97098a6c","hash":"5ebc71621dab6471204f2cccc58517cd753f5570","contentHash":"aef1272276b871611608f584d9d92179_11.3.0"},"C:\\Users\\billz\\WebstormProjects\\project_team267\\src\\controller\\Building.js":{"path":"C:\\Users\\billz\\WebstormProjects\\project_team267\\src\\controller\\Building.js","statementMap":{"0":{"start":{"line":2,"column":0},"end":{"line":2,"column":62}},"1":{"start":{"line":5,"column":8},"end":{"line":6,"column":66}},"2":{"start":{"line":9,"column":0},"end":{"line":9,"column":27}}},"fnMap":{"0":{"name":"(anonymous_0)","decl":{"start":{"line":4,"column":4},"end":{"line":4,"column":5}},"loc":{"start":{"line":4,"column":24},"end":{"line":7,"column":5}},"line":4}},"branchMap":{"0":{"loc":{"start":{"line":5,"column":15},"end":{"line":6,"column":65}},"type":"binary-expr","locations":[{"start":{"line":5,"column":15},"end":{"line":5,"column":42}},{"start":{"line":5,"column":46},"end":{"line":5,"column":74}},{"start":{"line":6,"column":12},"end":{"line":6,"column":38}},{"start":{"line":6,"column":42},"end":{"line":6,"column":65}}],"line":5}},"s":{"0":1,"1":74,"2":1},"f":{"0":74},"b":{"0":[74,74,74,74]},"_coverageSchema":"332fd63041d2c1bcb487cc26dd0d5f7d97098a6c","hash":"671ca03bd207072cd8849f392dbfa267b180b59f","contentHash":"969d9db39ea8e978119e8b89a7becc62_11.3.0"}}